<?xml version="1.0" encoding="UTF-8"?>
<testsuite xmlns:xsi="http://www.w3.org/2001/XMLSchema-instance" xsi:noNamespaceSchemaLocation="https://maven.apache.org/surefire/maven-surefire-plugin/xsd/surefire-test-report-3.0.xsd" version="3.0" name="com.assisantsProject.asistantProject.AsistantProjectApplicationTests" time="7.078" tests="1" errors="0" skipped="0" failures="0">
  <properties>
[...]
</properties>
  <testcase name="contextLoads" classname="com.assisantsProject.asistantProject.AsistantProjectApplicationTests" time="0.406">
    <system-out><![CDATA[17:29:15.978 [main] INFO org.springframework.test.context.support.AnnotationConfigContextLoaderUtils -- Could not detect default configuration classes for test class [com.assisantsProject.asistantProject.AsistantProjectApplicationTests]: AsistantProjectApplicationTests does not declare any static, non-private, non-final, nested classes annotated with @Configuration.
17:29:16.111 [main] INFO org.springframework.boot.test.context.SpringBootTestContextBootstrapper -- Found @SpringBootConfiguration com.assisantsProject.asistantProject.AsistantProjectApplication for test class com.assisantsProject.asistantProject.AsistantProjectApplicationTests
17:29:16.316 [main] INFO org.springframework.boot.devtools.restart.RestartApplicationListener -- Restart disabled due to context in which it is running

  .   ____          _            __ _ _
 /\\ / ___'_ __ _ _(_)_ __  __ _ \ \ \ \
( ( )\___ | '_ | '_| | '_ \/ _` | \ \ \ \
 \\/  ___)| |_)| | | | | || (_| |  ) ) ) )
  '  |____| .__|_| |_|_| |_\__, | / / / /
 =========|_|==============|___/=/_/_/_/

 :: Spring Boot ::                (v3.3.3)

2025-05-19T17:29:16.580-05:00 DEBUG 16040 --- [app_assisants] [kground-preinit] o.h.v.i.xml.config.ValidationXmlParser   : Trying to load META-INF/validation.xml for XML based Validator configuration.
2025-05-19T17:29:16.585-05:00 DEBUG 16040 --- [app_assisants] [kground-preinit] o.h.v.i.xml.config.ResourceLoaderHelper  : Trying to load META-INF/validation.xml via TCCL
2025-05-19T17:29:16.585-05:00 DEBUG 16040 --- [app_assisants] [kground-preinit] o.h.v.i.xml.config.ResourceLoaderHelper  : Trying to load META-INF/validation.xml via Hibernate Validator's class loader
2025-05-19T17:29:16.586-05:00 DEBUG 16040 --- [app_assisants] [kground-preinit] o.h.v.i.xml.config.ValidationXmlParser   : No META-INF/validation.xml found. Using annotation based configuration only.
2025-05-19T17:29:16.592-05:00 DEBUG 16040 --- [app_assisants] [kground-preinit] o.h.v.i.e.resolver.TraversableResolvers  : Found jakarta.persistence.Persistence on classpath containing 'getPersistenceUtil'. Assuming JPA 2 environment. Trying to instantiate JPA aware TraversableResolver
2025-05-19T17:29:16.593-05:00 DEBUG 16040 --- [app_assisants] [kground-preinit] o.h.v.i.e.resolver.TraversableResolvers  : Instantiated JPA aware TraversableResolver of type org.hibernate.validator.internal.engine.resolver.JPATraversableResolver.
2025-05-19T17:29:16.604-05:00  INFO 16040 --- [app_assisants] [           main] c.a.a.AsistantProjectApplicationTests    : Starting AsistantProjectApplicationTests using Java 17 with PID 16040 (started by sauma in C:\Users\sauma\Documents\Assitants)
2025-05-19T17:29:16.605-05:00  INFO 16040 --- [app_assisants] [           main] c.a.a.AsistantProjectApplicationTests    : No active profile set, falling back to 1 default profile: "default"
2025-05-19T17:29:16.605-05:00 DEBUG 16040 --- [app_assisants] [           main] o.s.boot.SpringApplication               : Loading source class com.assisantsProject.asistantProject.AsistantProjectApplication
2025-05-19T17:29:16.621-05:00 DEBUG 16040 --- [app_assisants] [kground-preinit] .h.v.m.ResourceBundleMessageInterpolator : Loaded expression factory via original TCCL
2025-05-19T17:29:16.638-05:00 DEBUG 16040 --- [app_assisants] [           main] o.s.w.c.s.GenericWebApplicationContext   : Refreshing org.springframework.web.context.support.GenericWebApplicationContext@77b325b3
2025-05-19T17:29:16.737-05:00 DEBUG 16040 --- [app_assisants] [kground-preinit] .i.e.ValidatorFactoryConfigurationHelper : HV000252: Using org.hibernate.validator.internal.engine.DefaultPropertyNodeNameProvider as property node name provider.
2025-05-19T17:29:16.745-05:00 DEBUG 16040 --- [app_assisants] [kground-preinit] .i.e.ValidatorFactoryConfigurationHelper : HV000234: Using org.hibernate.validator.messageinterpolation.ResourceBundleMessageInterpolator as ValidatorFactory-scoped message interpolator.
2025-05-19T17:29:16.745-05:00 DEBUG 16040 --- [app_assisants] [kground-preinit] .i.e.ValidatorFactoryConfigurationHelper : HV000234: Using org.hibernate.validator.internal.engine.resolver.JPATraversableResolver as ValidatorFactory-scoped traversable resolver.
2025-05-19T17:29:16.745-05:00 DEBUG 16040 --- [app_assisants] [kground-preinit] .i.e.ValidatorFactoryConfigurationHelper : HV000234: Using org.hibernate.validator.internal.util.ExecutableParameterNameProvider as ValidatorFactory-scoped parameter name provider.
2025-05-19T17:29:16.746-05:00 DEBUG 16040 --- [app_assisants] [kground-preinit] .i.e.ValidatorFactoryConfigurationHelper : HV000234: Using org.hibernate.validator.internal.engine.DefaultClockProvider as ValidatorFactory-scoped clock provider.
2025-05-19T17:29:16.746-05:00 DEBUG 16040 --- [app_assisants] [kground-preinit] .i.e.ValidatorFactoryConfigurationHelper : HV000234: Using org.hibernate.validator.internal.engine.scripting.DefaultScriptEvaluatorFactory as ValidatorFactory-scoped script evaluator factory.
2025-05-19T17:29:17.069-05:00 DEBUG 16040 --- [app_assisants] [           main] ySourcesPropertyResolver$DefaultResolver : Found key 'DBNAME' in PropertySource 'systemEnvironment' with value of type String
2025-05-19T17:29:17.452-05:00  INFO 16040 --- [app_assisants] [           main] .s.d.r.c.RepositoryConfigurationDelegate : Multiple Spring Data modules found, entering strict repository configuration mode
2025-05-19T17:29:17.454-05:00  INFO 16040 --- [app_assisants] [           main] .s.d.r.c.RepositoryConfigurationDelegate : Bootstrapping Spring Data JDBC repositories in DEFAULT mode.
2025-05-19T17:29:17.471-05:00 DEBUG 16040 --- [app_assisants] [           main] o.s.b.a.AutoConfigurationPackages        : @EnableAutoConfiguration was declared on a class in the package 'com.assisantsProject.asistantProject'. Automatic @Repository and @Entity scanning is enabled.
2025-05-19T17:29:17.491-05:00  INFO 16040 --- [app_assisants] [           main] .RepositoryConfigurationExtensionSupport : Spring Data JDBC - Could not safely identify store assignment for repository candidate interface com.assisantsProject.asistantProject.repositorios.ArchivoRepositorio; If you want this repository to be a JDBC repository, consider annotating your entities with one of these annotations: org.springframework.data.relational.core.mapping.Table.
2025-05-19T17:29:17.493-05:00  INFO 16040 --- [app_assisants] [           main] .RepositoryConfigurationExtensionSupport : Spring Data JDBC - Could not safely identify store assignment for repository candidate interface com.assisantsProject.asistantProject.repositorios.CandidatoRepositorio; If you want this repository to be a JDBC repository, consider annotating your entities with one of these annotations: org.springframework.data.relational.core.mapping.Table.
2025-05-19T17:29:17.495-05:00  INFO 16040 --- [app_assisants] [           main] .RepositoryConfigurationExtensionSupport : Spring Data JDBC - Could not safely identify store assignment for repository candidate interface com.assisantsProject.asistantProject.repositorios.PasswordResetTokenRepositorio; If you want this repository to be a JDBC repository, consider annotating your entities with one of these annotations: org.springframework.data.relational.core.mapping.Table.
2025-05-19T17:29:17.496-05:00  INFO 16040 --- [app_assisants] [           main] .RepositoryConfigurationExtensionSupport : Spring Data JDBC - Could not safely identify store assignment for repository candidate interface com.assisantsProject.asistantProject.repositorios.RolRepositorio; If you want this repository to be a JDBC repository, consider annotating your entities with one of these annotations: org.springframework.data.relational.core.mapping.Table.
2025-05-19T17:29:17.499-05:00  INFO 16040 --- [app_assisants] [           main] .RepositoryConfigurationExtensionSupport : Spring Data JDBC - Could not safely identify store assignment for repository candidate interface com.assisantsProject.asistantProject.repositorios.UsuarioRepositorio; If you want this repository to be a JDBC repository, consider annotating your entities with one of these annotations: org.springframework.data.relational.core.mapping.Table.
2025-05-19T17:29:17.500-05:00  INFO 16040 --- [app_assisants] [           main] .RepositoryConfigurationExtensionSupport : Spring Data JDBC - Could not safely identify store assignment for repository candidate interface com.assisantsProject.asistantProject.repositorios.WaveRepositorio; If you want this repository to be a JDBC repository, consider annotating your entities with one of these annotations: org.springframework.data.relational.core.mapping.Table.
2025-05-19T17:29:17.501-05:00  INFO 16040 --- [app_assisants] [           main] .s.d.r.c.RepositoryConfigurationDelegate : Finished Spring Data repository scanning in 41 ms. Found 0 JDBC repository interfaces.
2025-05-19T17:29:17.519-05:00  INFO 16040 --- [app_assisants] [           main] .s.d.r.c.RepositoryConfigurationDelegate : Multiple Spring Data modules found, entering strict repository configuration mode
2025-05-19T17:29:17.520-05:00  INFO 16040 --- [app_assisants] [           main] .s.d.r.c.RepositoryConfigurationDelegate : Bootstrapping Spring Data JPA repositories in DEFAULT mode.
2025-05-19T17:29:17.658-05:00  INFO 16040 --- [app_assisants] [           main] .s.d.r.c.RepositoryConfigurationDelegate : Finished Spring Data repository scanning in 133 ms. Found 6 JPA repository interfaces.
2025-05-19T17:29:17.814-05:00  INFO 16040 --- [app_assisants] [           main] faultConfiguringBeanFactoryPostProcessor : No bean named 'errorChannel' has been explicitly defined. Therefore, a default PublishSubscribeChannel will be created.
2025-05-19T17:29:17.839-05:00  INFO 16040 --- [app_assisants] [           main] faultConfiguringBeanFactoryPostProcessor : No bean named 'integrationHeaderChannelRegistry' has been explicitly defined. Therefore, a default DefaultHeaderChannelRegistry will be created.
2025-05-19T17:29:18.213-05:00 DEBUG 16040 --- [app_assisants] [           main] ySourcesPropertyResolver$DefaultResolver : Found key 'DBPASSWORD' in PropertySource 'systemEnvironment' with value of type String
2025-05-19T17:29:18.214-05:00 DEBUG 16040 --- [app_assisants] [           main] ySourcesPropertyResolver$DefaultResolver : Found key 'DBNAME' in PropertySource 'systemEnvironment' with value of type String
2025-05-19T17:29:18.214-05:00 DEBUG 16040 --- [app_assisants] [           main] ySourcesPropertyResolver$DefaultResolver : Found key 'DBUSER' in PropertySource 'systemEnvironment' with value of type String
2025-05-19T17:29:18.268-05:00  INFO 16040 --- [app_assisants] [           main] com.zaxxer.hikari.HikariDataSource       : HikariPool-1 - Starting...
2025-05-19T17:29:18.683-05:00  INFO 16040 --- [app_assisants] [           main] com.zaxxer.hikari.pool.HikariPool        : HikariPool-1 - Added connection com.mysql.cj.jdbc.ConnectionImpl@4438938e
2025-05-19T17:29:18.684-05:00  INFO 16040 --- [app_assisants] [           main] com.zaxxer.hikari.HikariDataSource       : HikariPool-1 - Start completed.
2025-05-19T17:29:18.776-05:00 DEBUG 16040 --- [app_assisants] [           main] o.hibernate.jpa.internal.util.LogHelper  : PersistenceUnitInfo [
	name: default
	persistence provider classname: null
	classloader: jdk.internal.loader.ClassLoaders$AppClassLoader@73d16e93
	excludeUnlistedClasses: true
	JTA datasource: null
	Non JTA datasource: HikariDataSource (HikariPool-1)
	Transaction type: RESOURCE_LOCAL
	PU root URL: file:/C:/Users/sauma/Documents/Assitants/target/test-classes/
	Shared Cache Mode: UNSPECIFIED
	Validation Mode: AUTO
	Jar files URLs []
	Managed classes names [
		com.assisantsProject.asistantProject.entidades.Archivo
		com.assisantsProject.asistantProject.entidades.Candidato
		com.assisantsProject.asistantProject.entidades.PasswordResetToken
		com.assisantsProject.asistantProject.entidades.Rol
		com.assisantsProject.asistantProject.entidades.Usuario
		com.assisantsProject.asistantProject.entidades.Wave]
	Mapping files names []
	Properties []
2025-05-19T17:29:18.800-05:00 DEBUG 16040 --- [app_assisants] [           main] o.h.i.internal.IntegratorServiceImpl     : Adding Integrator [org.hibernate.boot.beanvalidation.BeanValidationIntegrator].
2025-05-19T17:29:18.803-05:00 DEBUG 16040 --- [app_assisants] [           main] o.h.i.internal.IntegratorServiceImpl     : Adding Integrator [org.hibernate.cache.internal.CollectionCacheInvalidator].
2025-05-19T17:29:18.870-05:00  INFO 16040 --- [app_assisants] [           main] org.hibernate.Version                    : HHH000412: Hibernate ORM core version 6.5.2.Final
2025-05-19T17:29:18.872-05:00 DEBUG 16040 --- [app_assisants] [           main] org.hibernate.cfg.Environment            : HHH000206: 'hibernate.properties' not found
2025-05-19T17:29:18.904-05:00 DEBUG 16040 --- [app_assisants] [           main] org.hibernate.orm.idgen.factory          : Registering IdentifierGenerator strategy [uuid2] -> [org.hibernate.id.UUIDGenerator]
2025-05-19T17:29:18.905-05:00 DEBUG 16040 --- [app_assisants] [           main] org.hibernate.orm.idgen.factory          : Registering IdentifierGenerator strategy [guid] -> [org.hibernate.id.GUIDGenerator]
2025-05-19T17:29:18.906-05:00 DEBUG 16040 --- [app_assisants] [           main] org.hibernate.orm.idgen.factory          : Registering IdentifierGenerator strategy [uuid] -> [org.hibernate.id.UUIDHexGenerator]
2025-05-19T17:29:18.906-05:00 DEBUG 16040 --- [app_assisants] [           main] org.hibernate.orm.idgen.factory          : Registering IdentifierGenerator strategy [uuid.hex] -> [org.hibernate.id.UUIDHexGenerator]
2025-05-19T17:29:18.906-05:00 DEBUG 16040 --- [app_assisants] [           main] org.hibernate.orm.idgen.factory          : Registering IdentifierGenerator strategy [assigned] -> [org.hibernate.id.Assigned]
2025-05-19T17:29:18.908-05:00 DEBUG 16040 --- [app_assisants] [           main] org.hibernate.orm.idgen.factory          : Registering IdentifierGenerator strategy [identity] -> [org.hibernate.id.IdentityGenerator]
2025-05-19T17:29:18.908-05:00 DEBUG 16040 --- [app_assisants] [           main] org.hibernate.orm.idgen.factory          : Registering IdentifierGenerator strategy [select] -> [org.hibernate.id.SelectGenerator]
2025-05-19T17:29:18.910-05:00 DEBUG 16040 --- [app_assisants] [           main] org.hibernate.orm.idgen.factory          : Registering IdentifierGenerator strategy [sequence] -> [org.hibernate.id.enhanced.SequenceStyleGenerator]
2025-05-19T17:29:18.911-05:00 DEBUG 16040 --- [app_assisants] [           main] org.hibernate.orm.idgen.factory          : Registering IdentifierGenerator strategy [increment] -> [org.hibernate.id.IncrementGenerator]
2025-05-19T17:29:18.911-05:00 DEBUG 16040 --- [app_assisants] [           main] org.hibernate.orm.idgen.factory          : Registering IdentifierGenerator strategy [foreign] -> [org.hibernate.id.ForeignGenerator]
2025-05-19T17:29:18.911-05:00 DEBUG 16040 --- [app_assisants] [           main] org.hibernate.orm.idgen.factory          : Registering IdentifierGenerator strategy [enhanced-sequence] -> [org.hibernate.id.enhanced.SequenceStyleGenerator]
2025-05-19T17:29:18.912-05:00 DEBUG 16040 --- [app_assisants] [           main] org.hibernate.orm.idgen.factory          : Registering IdentifierGenerator strategy [enhanced-table] -> [org.hibernate.id.enhanced.TableGenerator]
2025-05-19T17:29:18.920-05:00 DEBUG 16040 --- [app_assisants] [           main] o.h.c.internal.RegionFactoryInitiator    : Cannot default RegionFactory based on registered strategies as `[]` RegionFactory strategies were registered
2025-05-19T17:29:18.922-05:00  INFO 16040 --- [app_assisants] [           main] o.h.c.internal.RegionFactoryInitiator    : HHH000026: Second-level cache disabled
2025-05-19T17:29:19.045-05:00 DEBUG 16040 --- [app_assisants] [           main] org.hibernate.type.BasicTypeRegistry     : Adding type registration boolean -> org.hibernate.type.BasicTypeReference@586737ff
2025-05-19T17:29:19.045-05:00 DEBUG 16040 --- [app_assisants] [           main] org.hibernate.type.BasicTypeRegistry     : Adding type registration boolean -> org.hibernate.type.BasicTypeReference@586737ff
2025-05-19T17:29:19.045-05:00 DEBUG 16040 --- [app_assisants] [           main] org.hibernate.type.BasicTypeRegistry     : Adding type registration java.lang.Boolean -> org.hibernate.type.BasicTypeReference@586737ff
2025-05-19T17:29:19.045-05:00 DEBUG 16040 --- [app_assisants] [           main] org.hibernate.type.BasicTypeRegistry     : Adding type registration numeric_boolean -> org.hibernate.type.BasicTypeReference@4cd7e993
2025-05-19T17:29:19.045-05:00 DEBUG 16040 --- [app_assisants] [           main] org.hibernate.type.BasicTypeRegistry     : Adding type registration org.hibernate.type.NumericBooleanConverter -> org.hibernate.type.BasicTypeReference@4cd7e993
2025-05-19T17:29:19.045-05:00 DEBUG 16040 --- [app_assisants] [           main] org.hibernate.type.BasicTypeRegistry     : Adding type registration true_false -> org.hibernate.type.BasicTypeReference@685e6a68
2025-05-19T17:29:19.046-05:00 DEBUG 16040 --- [app_assisants] [           main] org.hibernate.type.BasicTypeRegistry     : Adding type registration org.hibernate.type.TrueFalseConverter -> org.hibernate.type.BasicTypeReference@685e6a68
2025-05-19T17:29:19.046-05:00 DEBUG 16040 --- [app_assisants] [           main] org.hibernate.type.BasicTypeRegistry     : Adding type registration yes_no -> org.hibernate.type.BasicTypeReference@2fb48970
2025-05-19T17:29:19.046-05:00 DEBUG 16040 --- [app_assisants] [           main] org.hibernate.type.BasicTypeRegistry     : Adding type registration org.hibernate.type.YesNoConverter -> org.hibernate.type.BasicTypeReference@2fb48970
2025-05-19T17:29:19.046-05:00 DEBUG 16040 --- [app_assisants] [           main] org.hibernate.type.BasicTypeRegistry     : Adding type registration byte -> org.hibernate.type.BasicTypeReference@4e8d9bb6
2025-05-19T17:29:19.046-05:00 DEBUG 16040 --- [app_assisants] [           main] org.hibernate.type.BasicTypeRegistry     : Adding type registration byte -> org.hibernate.type.BasicTypeReference@4e8d9bb6
2025-05-19T17:29:19.046-05:00 DEBUG 16040 --- [app_assisants] [           main] org.hibernate.type.BasicTypeRegistry     : Adding type registration java.lang.Byte -> org.hibernate.type.BasicTypeReference@4e8d9bb6
2025-05-19T17:29:19.046-05:00 DEBUG 16040 --- [app_assisants] [           main] org.hibernate.type.BasicTypeRegistry     : Adding type registration binary -> org.hibernate.type.BasicTypeReference@3de56885
2025-05-19T17:29:19.046-05:00 DEBUG 16040 --- [app_assisants] [           main] org.hibernate.type.BasicTypeRegistry     : Adding type registration byte[] -> org.hibernate.type.BasicTypeReference@3de56885
2025-05-19T17:29:19.046-05:00 DEBUG 16040 --- [app_assisants] [           main] org.hibernate.type.BasicTypeRegistry     : Adding type registration [B -> org.hibernate.type.BasicTypeReference@3de56885
2025-05-19T17:29:19.046-05:00 DEBUG 16040 --- [app_assisants] [           main] org.hibernate.type.BasicTypeRegistry     : Adding type registration binary_wrapper -> org.hibernate.type.BasicTypeReference@2673487b
2025-05-19T17:29:19.046-05:00 DEBUG 16040 --- [app_assisants] [           main] org.hibernate.type.BasicTypeRegistry     : Adding type registration wrapper-binary -> org.hibernate.type.BasicTypeReference@2673487b
2025-05-19T17:29:19.046-05:00 DEBUG 16040 --- [app_assisants] [           main] org.hibernate.type.BasicTypeRegistry     : Adding type registration image -> org.hibernate.type.BasicTypeReference@2d07aacc
2025-05-19T17:29:19.047-05:00 DEBUG 16040 --- [app_assisants] [           main] org.hibernate.type.BasicTypeRegistry     : Adding type registration blob -> org.hibernate.type.BasicTypeReference@ff5d4f1
2025-05-19T17:29:19.047-05:00 DEBUG 16040 --- [app_assisants] [           main] org.hibernate.type.BasicTypeRegistry     : Adding type registration java.sql.Blob -> org.hibernate.type.BasicTypeReference@ff5d4f1
2025-05-19T17:29:19.047-05:00 DEBUG 16040 --- [app_assisants] [           main] org.hibernate.type.BasicTypeRegistry     : Adding type registration materialized_blob -> org.hibernate.type.BasicTypeReference@194224ca
2025-05-19T17:29:19.047-05:00 DEBUG 16040 --- [app_assisants] [           main] org.hibernate.type.BasicTypeRegistry     : Adding type registration materialized_blob_wrapper -> org.hibernate.type.BasicTypeReference@254e9709
2025-05-19T17:29:19.047-05:00 DEBUG 16040 --- [app_assisants] [           main] org.hibernate.type.BasicTypeRegistry     : Adding type registration short -> org.hibernate.type.BasicTypeReference@350f18a6
2025-05-19T17:29:19.047-05:00 DEBUG 16040 --- [app_assisants] [           main] org.hibernate.type.BasicTypeRegistry     : Adding type registration short -> org.hibernate.type.BasicTypeReference@350f18a6
2025-05-19T17:29:19.047-05:00 DEBUG 16040 --- [app_assisants] [           main] org.hibernate.type.BasicTypeRegistry     : Adding type registration java.lang.Short -> org.hibernate.type.BasicTypeReference@350f18a6
2025-05-19T17:29:19.047-05:00 DEBUG 16040 --- [app_assisants] [           main] org.hibernate.type.BasicTypeRegistry     : Adding type registration integer -> org.hibernate.type.BasicTypeReference@147c00aa
2025-05-19T17:29:19.047-05:00 DEBUG 16040 --- [app_assisants] [           main] org.hibernate.type.BasicTypeRegistry     : Adding type registration int -> org.hibernate.type.BasicTypeReference@147c00aa
2025-05-19T17:29:19.047-05:00 DEBUG 16040 --- [app_assisants] [           main] org.hibernate.type.BasicTypeRegistry     : Adding type registration java.lang.Integer -> org.hibernate.type.BasicTypeReference@147c00aa
2025-05-19T17:29:19.047-05:00 DEBUG 16040 --- [app_assisants] [           main] org.hibernate.type.BasicTypeRegistry     : Adding type registration long -> org.hibernate.type.BasicTypeReference@1c90029b
2025-05-19T17:29:19.047-05:00 DEBUG 16040 --- [app_assisants] [           main] org.hibernate.type.BasicTypeRegistry     : Adding type registration long -> org.hibernate.type.BasicTypeReference@1c90029b
2025-05-19T17:29:19.047-05:00 DEBUG 16040 --- [app_assisants] [           main] org.hibernate.type.BasicTypeRegistry     : Adding type registration java.lang.Long -> org.hibernate.type.BasicTypeReference@1c90029b
2025-05-19T17:29:19.048-05:00 DEBUG 16040 --- [app_assisants] [           main] org.hibernate.type.BasicTypeRegistry     : Adding type registration float -> org.hibernate.type.BasicTypeReference@4db728df
2025-05-19T17:29:19.048-05:00 DEBUG 16040 --- [app_assisants] [           main] org.hibernate.type.BasicTypeRegistry     : Adding type registration float -> org.hibernate.type.BasicTypeReference@4db728df
2025-05-19T17:29:19.048-05:00 DEBUG 16040 --- [app_assisants] [           main] org.hibernate.type.BasicTypeRegistry     : Adding type registration java.lang.Float -> org.hibernate.type.BasicTypeReference@4db728df
2025-05-19T17:29:19.048-05:00 DEBUG 16040 --- [app_assisants] [           main] org.hibernate.type.BasicTypeRegistry     : Adding type registration double -> org.hibernate.type.BasicTypeReference@b0d3e7
2025-05-19T17:29:19.048-05:00 DEBUG 16040 --- [app_assisants] [           main] org.hibernate.type.BasicTypeRegistry     : Adding type registration double -> org.hibernate.type.BasicTypeReference@b0d3e7
2025-05-19T17:29:19.048-05:00 DEBUG 16040 --- [app_assisants] [           main] org.hibernate.type.BasicTypeRegistry     : Adding type registration java.lang.Double -> org.hibernate.type.BasicTypeReference@b0d3e7
2025-05-19T17:29:19.048-05:00 DEBUG 16040 --- [app_assisants] [           main] org.hibernate.type.BasicTypeRegistry     : Adding type registration big_integer -> org.hibernate.type.BasicTypeReference@74bdfa0b
2025-05-19T17:29:19.048-05:00 DEBUG 16040 --- [app_assisants] [           main] org.hibernate.type.BasicTypeRegistry     : Adding type registration java.math.BigInteger -> org.hibernate.type.BasicTypeReference@74bdfa0b
2025-05-19T17:29:19.048-05:00 DEBUG 16040 --- [app_assisants] [           main] org.hibernate.type.BasicTypeRegistry     : Adding type registration big_decimal -> org.hibernate.type.BasicTypeReference@68a5aadd
2025-05-19T17:29:19.048-05:00 DEBUG 16040 --- [app_assisants] [           main] org.hibernate.type.BasicTypeRegistry     : Adding type registration java.math.BigDecimal -> org.hibernate.type.BasicTypeReference@68a5aadd
2025-05-19T17:29:19.048-05:00 DEBUG 16040 --- [app_assisants] [           main] org.hibernate.type.BasicTypeRegistry     : Adding type registration character -> org.hibernate.type.BasicTypeReference@1c2096c6
2025-05-19T17:29:19.048-05:00 DEBUG 16040 --- [app_assisants] [           main] org.hibernate.type.BasicTypeRegistry     : Adding type registration char -> org.hibernate.type.BasicTypeReference@1c2096c6
2025-05-19T17:29:19.048-05:00 DEBUG 16040 --- [app_assisants] [           main] org.hibernate.type.BasicTypeRegistry     : Adding type registration java.lang.Character -> org.hibernate.type.BasicTypeReference@1c2096c6
2025-05-19T17:29:19.048-05:00 DEBUG 16040 --- [app_assisants] [           main] org.hibernate.type.BasicTypeRegistry     : Adding type registration character_nchar -> org.hibernate.type.BasicTypeReference@1a89414e
2025-05-19T17:29:19.049-05:00 DEBUG 16040 --- [app_assisants] [           main] org.hibernate.type.BasicTypeRegistry     : Adding type registration string -> org.hibernate.type.BasicTypeReference@17f8db6
2025-05-19T17:29:19.049-05:00 DEBUG 16040 --- [app_assisants] [           main] org.hibernate.type.BasicTypeRegistry     : Adding type registration java.lang.String -> org.hibernate.type.BasicTypeReference@17f8db6
2025-05-19T17:29:19.049-05:00 DEBUG 16040 --- [app_assisants] [           main] org.hibernate.type.BasicTypeRegistry     : Adding type registration nstring -> org.hibernate.type.BasicTypeReference@44492c06
2025-05-19T17:29:19.049-05:00 DEBUG 16040 --- [app_assisants] [           main] org.hibernate.type.BasicTypeRegistry     : Adding type registration characters -> org.hibernate.type.BasicTypeReference@5c4714ef
2025-05-19T17:29:19.049-05:00 DEBUG 16040 --- [app_assisants] [           main] org.hibernate.type.BasicTypeRegistry     : Adding type registration char[] -> org.hibernate.type.BasicTypeReference@5c4714ef
2025-05-19T17:29:19.049-05:00 DEBUG 16040 --- [app_assisants] [           main] org.hibernate.type.BasicTypeRegistry     : Adding type registration [C -> org.hibernate.type.BasicTypeReference@5c4714ef
2025-05-19T17:29:19.049-05:00 DEBUG 16040 --- [app_assisants] [           main] org.hibernate.type.BasicTypeRegistry     : Adding type registration wrapper-characters -> org.hibernate.type.BasicTypeReference@c94bd18
2025-05-19T17:29:19.049-05:00 DEBUG 16040 --- [app_assisants] [           main] org.hibernate.type.BasicTypeRegistry     : Adding type registration text -> org.hibernate.type.BasicTypeReference@71fb8301
2025-05-19T17:29:19.049-05:00 DEBUG 16040 --- [app_assisants] [           main] org.hibernate.type.BasicTypeRegistry     : Adding type registration ntext -> org.hibernate.type.BasicTypeReference@7cdfa824
2025-05-19T17:29:19.049-05:00 DEBUG 16040 --- [app_assisants] [           main] org.hibernate.type.BasicTypeRegistry     : Adding type registration clob -> org.hibernate.type.BasicTypeReference@18db3b3c
2025-05-19T17:29:19.049-05:00 DEBUG 16040 --- [app_assisants] [           main] org.hibernate.type.BasicTypeRegistry     : Adding type registration java.sql.Clob -> org.hibernate.type.BasicTypeReference@18db3b3c
2025-05-19T17:29:19.049-05:00 DEBUG 16040 --- [app_assisants] [           main] org.hibernate.type.BasicTypeRegistry     : Adding type registration nclob -> org.hibernate.type.BasicTypeReference@318e3942
2025-05-19T17:29:19.049-05:00 DEBUG 16040 --- [app_assisants] [           main] org.hibernate.type.BasicTypeRegistry     : Adding type registration java.sql.NClob -> org.hibernate.type.BasicTypeReference@318e3942
2025-05-19T17:29:19.049-05:00 DEBUG 16040 --- [app_assisants] [           main] org.hibernate.type.BasicTypeRegistry     : Adding type registration materialized_clob -> org.hibernate.type.BasicTypeReference@1c4057f9
2025-05-19T17:29:19.050-05:00 DEBUG 16040 --- [app_assisants] [           main] org.hibernate.type.BasicTypeRegistry     : Adding type registration materialized_clob_char_array -> org.hibernate.type.BasicTypeReference@1ddf42dd
2025-05-19T17:29:19.050-05:00 DEBUG 16040 --- [app_assisants] [           main] org.hibernate.type.BasicTypeRegistry     : Adding type registration materialized_clob_character_array -> org.hibernate.type.BasicTypeReference@5c1c9881
2025-05-19T17:29:19.050-05:00 DEBUG 16040 --- [app_assisants] [           main] org.hibernate.type.BasicTypeRegistry     : Adding type registration materialized_nclob -> org.hibernate.type.BasicTypeReference@1c18ee69
2025-05-19T17:29:19.050-05:00 DEBUG 16040 --- [app_assisants] [           main] org.hibernate.type.BasicTypeRegistry     : Adding type registration materialized_nclob_character_array -> org.hibernate.type.BasicTypeReference@2f99d8c
2025-05-19T17:29:19.050-05:00 DEBUG 16040 --- [app_assisants] [           main] org.hibernate.type.BasicTypeRegistry     : Adding type registration materialized_nclob_char_array -> org.hibernate.type.BasicTypeReference@65d7eea4
2025-05-19T17:29:19.050-05:00 DEBUG 16040 --- [app_assisants] [           main] org.hibernate.type.BasicTypeRegistry     : Adding type registration Duration -> org.hibernate.type.BasicTypeReference@5d37aa0f
2025-05-19T17:29:19.050-05:00 DEBUG 16040 --- [app_assisants] [           main] org.hibernate.type.BasicTypeRegistry     : Adding type registration java.time.Duration -> org.hibernate.type.BasicTypeReference@5d37aa0f
2025-05-19T17:29:19.050-05:00 DEBUG 16040 --- [app_assisants] [           main] org.hibernate.type.BasicTypeRegistry     : Adding type registration LocalDateTime -> org.hibernate.type.BasicTypeReference@6076c66
2025-05-19T17:29:19.050-05:00 DEBUG 16040 --- [app_assisants] [           main] org.hibernate.type.BasicTypeRegistry     : Adding type registration java.time.LocalDateTime -> org.hibernate.type.BasicTypeReference@6076c66
2025-05-19T17:29:19.050-05:00 DEBUG 16040 --- [app_assisants] [           main] org.hibernate.type.BasicTypeRegistry     : Adding type registration LocalDate -> org.hibernate.type.BasicTypeReference@485c84d7
2025-05-19T17:29:19.051-05:00 DEBUG 16040 --- [app_assisants] [           main] org.hibernate.type.BasicTypeRegistry     : Adding type registration java.time.LocalDate -> org.hibernate.type.BasicTypeReference@485c84d7
2025-05-19T17:29:19.051-05:00 DEBUG 16040 --- [app_assisants] [           main] org.hibernate.type.BasicTypeRegistry     : Adding type registration LocalTime -> org.hibernate.type.BasicTypeReference@1224e1b6
2025-05-19T17:29:19.051-05:00 DEBUG 16040 --- [app_assisants] [           main] org.hibernate.type.BasicTypeRegistry     : Adding type registration java.time.LocalTime -> org.hibernate.type.BasicTypeReference@1224e1b6
2025-05-19T17:29:19.051-05:00 DEBUG 16040 --- [app_assisants] [           main] org.hibernate.type.BasicTypeRegistry     : Adding type registration OffsetDateTime -> org.hibernate.type.BasicTypeReference@72a3462f
2025-05-19T17:29:19.051-05:00 DEBUG 16040 --- [app_assisants] [           main] org.hibernate.type.BasicTypeRegistry     : Adding type registration java.time.OffsetDateTime -> org.hibernate.type.BasicTypeReference@72a3462f
2025-05-19T17:29:19.051-05:00 DEBUG 16040 --- [app_assisants] [           main] org.hibernate.type.BasicTypeRegistry     : Adding type registration OffsetDateTimeWithTimezone -> org.hibernate.type.BasicTypeReference@4ffa7041
2025-05-19T17:29:19.051-05:00 DEBUG 16040 --- [app_assisants] [           main] org.hibernate.type.BasicTypeRegistry     : Adding type registration OffsetDateTimeWithoutTimezone -> org.hibernate.type.BasicTypeReference@632c3f55
2025-05-19T17:29:19.051-05:00 DEBUG 16040 --- [app_assisants] [           main] org.hibernate.type.BasicTypeRegistry     : Adding type registration OffsetTime -> org.hibernate.type.BasicTypeReference@56b05bd7
2025-05-19T17:29:19.051-05:00 DEBUG 16040 --- [app_assisants] [           main] org.hibernate.type.BasicTypeRegistry     : Adding type registration java.time.OffsetTime -> org.hibernate.type.BasicTypeReference@56b05bd7
2025-05-19T17:29:19.051-05:00 DEBUG 16040 --- [app_assisants] [           main] org.hibernate.type.BasicTypeRegistry     : Adding type registration OffsetTimeUtc -> org.hibernate.type.BasicTypeReference@3e4afd10
2025-05-19T17:29:19.051-05:00 DEBUG 16040 --- [app_assisants] [           main] org.hibernate.type.BasicTypeRegistry     : Adding type registration OffsetTimeWithTimezone -> org.hibernate.type.BasicTypeReference@22aefae0
2025-05-19T17:29:19.051-05:00 DEBUG 16040 --- [app_assisants] [           main] org.hibernate.type.BasicTypeRegistry     : Adding type registration OffsetTimeWithoutTimezone -> org.hibernate.type.BasicTypeReference@20faaf77
2025-05-19T17:29:19.051-05:00 DEBUG 16040 --- [app_assisants] [           main] org.hibernate.type.BasicTypeRegistry     : Adding type registration ZonedDateTime -> org.hibernate.type.BasicTypeReference@7440265c
2025-05-19T17:29:19.051-05:00 DEBUG 16040 --- [app_assisants] [           main] org.hibernate.type.BasicTypeRegistry     : Adding type registration java.time.ZonedDateTime -> org.hibernate.type.BasicTypeReference@7440265c
2025-05-19T17:29:19.051-05:00 DEBUG 16040 --- [app_assisants] [           main] org.hibernate.type.BasicTypeRegistry     : Adding type registration ZonedDateTimeWithTimezone -> org.hibernate.type.BasicTypeReference@1d8be7b9
2025-05-19T17:29:19.052-05:00 DEBUG 16040 --- [app_assisants] [           main] org.hibernate.type.BasicTypeRegistry     : Adding type registration ZonedDateTimeWithoutTimezone -> org.hibernate.type.BasicTypeReference@48277712
2025-05-19T17:29:19.052-05:00 DEBUG 16040 --- [app_assisants] [           main] org.hibernate.type.BasicTypeRegistry     : Adding type registration date -> org.hibernate.type.BasicTypeReference@3d53e876
2025-05-19T17:29:19.052-05:00 DEBUG 16040 --- [app_assisants] [           main] org.hibernate.type.BasicTypeRegistry     : Adding type registration java.sql.Date -> org.hibernate.type.BasicTypeReference@3d53e876
2025-05-19T17:29:19.052-05:00 DEBUG 16040 --- [app_assisants] [           main] org.hibernate.type.BasicTypeRegistry     : Adding type registration time -> org.hibernate.type.BasicTypeReference@48d44b46
2025-05-19T17:29:19.052-05:00 DEBUG 16040 --- [app_assisants] [           main] org.hibernate.type.BasicTypeRegistry     : Adding type registration java.sql.Time -> org.hibernate.type.BasicTypeReference@48d44b46
2025-05-19T17:29:19.052-05:00 DEBUG 16040 --- [app_assisants] [           main] org.hibernate.type.BasicTypeRegistry     : Adding type registration timestamp -> org.hibernate.type.BasicTypeReference@aa0dbca
2025-05-19T17:29:19.052-05:00 DEBUG 16040 --- [app_assisants] [           main] org.hibernate.type.BasicTypeRegistry     : Adding type registration java.sql.Timestamp -> org.hibernate.type.BasicTypeReference@aa0dbca
2025-05-19T17:29:19.052-05:00 DEBUG 16040 --- [app_assisants] [           main] org.hibernate.type.BasicTypeRegistry     : Adding type registration java.util.Date -> org.hibernate.type.BasicTypeReference@aa0dbca
2025-05-19T17:29:19.052-05:00 DEBUG 16040 --- [app_assisants] [           main] org.hibernate.type.BasicTypeRegistry     : Adding type registration calendar -> org.hibernate.type.BasicTypeReference@794cb26b
2025-05-19T17:29:19.052-05:00 DEBUG 16040 --- [app_assisants] [           main] org.hibernate.type.BasicTypeRegistry     : Adding type registration java.util.Calendar -> org.hibernate.type.BasicTypeReference@794cb26b
2025-05-19T17:29:19.052-05:00 DEBUG 16040 --- [app_assisants] [           main] org.hibernate.type.BasicTypeRegistry     : Adding type registration java.util.GregorianCalendar -> org.hibernate.type.BasicTypeReference@794cb26b
2025-05-19T17:29:19.052-05:00 DEBUG 16040 --- [app_assisants] [           main] org.hibernate.type.BasicTypeRegistry     : Adding type registration calendar_date -> org.hibernate.type.BasicTypeReference@5b7ee56c
2025-05-19T17:29:19.052-05:00 DEBUG 16040 --- [app_assisants] [           main] org.hibernate.type.BasicTypeRegistry     : Adding type registration calendar_time -> org.hibernate.type.BasicTypeReference@311a0b3e
2025-05-19T17:29:19.052-05:00 DEBUG 16040 --- [app_assisants] [           main] org.hibernate.type.BasicTypeRegistry     : Adding type registration instant -> org.hibernate.type.BasicTypeReference@3de8f85c
2025-05-19T17:29:19.052-05:00 DEBUG 16040 --- [app_assisants] [           main] org.hibernate.type.BasicTypeRegistry     : Adding type registration java.time.Instant -> org.hibernate.type.BasicTypeReference@3de8f85c
2025-05-19T17:29:19.052-05:00 DEBUG 16040 --- [app_assisants] [           main] org.hibernate.type.BasicTypeRegistry     : Adding type registration uuid -> org.hibernate.type.BasicTypeReference@21abda60
2025-05-19T17:29:19.052-05:00 DEBUG 16040 --- [app_assisants] [           main] org.hibernate.type.BasicTypeRegistry     : Adding type registration java.util.UUID -> org.hibernate.type.BasicTypeReference@21abda60
2025-05-19T17:29:19.053-05:00 DEBUG 16040 --- [app_assisants] [           main] org.hibernate.type.BasicTypeRegistry     : Adding type registration pg-uuid -> org.hibernate.type.BasicTypeReference@21abda60
2025-05-19T17:29:19.053-05:00 DEBUG 16040 --- [app_assisants] [           main] org.hibernate.type.BasicTypeRegistry     : Adding type registration uuid-binary -> org.hibernate.type.BasicTypeReference@dd20ebc
2025-05-19T17:29:19.053-05:00 DEBUG 16040 --- [app_assisants] [           main] org.hibernate.type.BasicTypeRegistry     : Adding type registration uuid-char -> org.hibernate.type.BasicTypeReference@6c70b7c3
2025-05-19T17:29:19.053-05:00 DEBUG 16040 --- [app_assisants] [           main] org.hibernate.type.BasicTypeRegistry     : Adding type registration class -> org.hibernate.type.BasicTypeReference@16a09809
2025-05-19T17:29:19.053-05:00 DEBUG 16040 --- [app_assisants] [           main] org.hibernate.type.BasicTypeRegistry     : Adding type registration java.lang.Class -> org.hibernate.type.BasicTypeReference@16a09809
2025-05-19T17:29:19.053-05:00 DEBUG 16040 --- [app_assisants] [           main] org.hibernate.type.BasicTypeRegistry     : Adding type registration currency -> org.hibernate.type.BasicTypeReference@69a73867
2025-05-19T17:29:19.053-05:00 DEBUG 16040 --- [app_assisants] [           main] org.hibernate.type.BasicTypeRegistry     : Adding type registration Currency -> org.hibernate.type.BasicTypeReference@69a73867
2025-05-19T17:29:19.053-05:00 DEBUG 16040 --- [app_assisants] [           main] org.hibernate.type.BasicTypeRegistry     : Adding type registration java.util.Currency -> org.hibernate.type.BasicTypeReference@69a73867
2025-05-19T17:29:19.053-05:00 DEBUG 16040 --- [app_assisants] [           main] org.hibernate.type.BasicTypeRegistry     : Adding type registration locale -> org.hibernate.type.BasicTypeReference@749d7c01
2025-05-19T17:29:19.053-05:00 DEBUG 16040 --- [app_assisants] [           main] org.hibernate.type.BasicTypeRegistry     : Adding type registration java.util.Locale -> org.hibernate.type.BasicTypeReference@749d7c01
2025-05-19T17:29:19.053-05:00 DEBUG 16040 --- [app_assisants] [           main] org.hibernate.type.BasicTypeRegistry     : Adding type registration serializable -> org.hibernate.type.BasicTypeReference@1d3a03fe
2025-05-19T17:29:19.053-05:00 DEBUG 16040 --- [app_assisants] [           main] org.hibernate.type.BasicTypeRegistry     : Adding type registration java.io.Serializable -> org.hibernate.type.BasicTypeReference@1d3a03fe
2025-05-19T17:29:19.053-05:00 DEBUG 16040 --- [app_assisants] [           main] org.hibernate.type.BasicTypeRegistry     : Adding type registration timezone -> org.hibernate.type.BasicTypeReference@f48a080
2025-05-19T17:29:19.053-05:00 DEBUG 16040 --- [app_assisants] [           main] org.hibernate.type.BasicTypeRegistry     : Adding type registration java.util.TimeZone -> org.hibernate.type.BasicTypeReference@f48a080
2025-05-19T17:29:19.053-05:00 DEBUG 16040 --- [app_assisants] [           main] org.hibernate.type.BasicTypeRegistry     : Adding type registration ZoneOffset -> org.hibernate.type.BasicTypeReference@5f7cd50e
2025-05-19T17:29:19.053-05:00 DEBUG 16040 --- [app_assisants] [           main] org.hibernate.type.BasicTypeRegistry     : Adding type registration java.time.ZoneOffset -> org.hibernate.type.BasicTypeReference@5f7cd50e
2025-05-19T17:29:19.054-05:00 DEBUG 16040 --- [app_assisants] [           main] org.hibernate.type.BasicTypeRegistry     : Adding type registration url -> org.hibernate.type.BasicTypeReference@401ec794
2025-05-19T17:29:19.054-05:00 DEBUG 16040 --- [app_assisants] [           main] org.hibernate.type.BasicTypeRegistry     : Adding type registration java.net.URL -> org.hibernate.type.BasicTypeReference@401ec794
2025-05-19T17:29:19.054-05:00 DEBUG 16040 --- [app_assisants] [           main] org.hibernate.type.BasicTypeRegistry     : Adding type registration vector -> org.hibernate.type.BasicTypeReference@d76099a
2025-05-19T17:29:19.054-05:00 DEBUG 16040 --- [app_assisants] [           main] org.hibernate.type.BasicTypeRegistry     : Adding type registration row_version -> org.hibernate.type.BasicTypeReference@47f0f414
2025-05-19T17:29:19.059-05:00 DEBUG 16040 --- [app_assisants] [           main] org.hibernate.type.BasicTypeRegistry     : Adding type registration object -> org.hibernate.type.JavaObjectType@7e4ac598
2025-05-19T17:29:19.059-05:00 DEBUG 16040 --- [app_assisants] [           main] org.hibernate.type.BasicTypeRegistry     : Adding type registration java.lang.Object -> org.hibernate.type.JavaObjectType@7e4ac598
2025-05-19T17:29:19.060-05:00 DEBUG 16040 --- [app_assisants] [           main] org.hibernate.type.BasicTypeRegistry     : Adding type registration null -> org.hibernate.type.NullType@79d49790
2025-05-19T17:29:19.061-05:00 DEBUG 16040 --- [app_assisants] [           main] org.hibernate.type.BasicTypeRegistry     : Adding type registration imm_date -> org.hibernate.type.BasicTypeReference@13dc6649
2025-05-19T17:29:19.061-05:00 DEBUG 16040 --- [app_assisants] [           main] org.hibernate.type.BasicTypeRegistry     : Adding type registration imm_time -> org.hibernate.type.BasicTypeReference@1851c7d2
2025-05-19T17:29:19.061-05:00 DEBUG 16040 --- [app_assisants] [           main] org.hibernate.type.BasicTypeRegistry     : Adding type registration imm_timestamp -> org.hibernate.type.BasicTypeReference@250a946
2025-05-19T17:29:19.061-05:00 DEBUG 16040 --- [app_assisants] [           main] org.hibernate.type.BasicTypeRegistry     : Adding type registration imm_calendar -> org.hibernate.type.BasicTypeReference@5fe5c68b
2025-05-19T17:29:19.061-05:00 DEBUG 16040 --- [app_assisants] [           main] org.hibernate.type.BasicTypeRegistry     : Adding type registration imm_calendar_date -> org.hibernate.type.BasicTypeReference@2ffb0d10
2025-05-19T17:29:19.061-05:00 DEBUG 16040 --- [app_assisants] [           main] org.hibernate.type.BasicTypeRegistry     : Adding type registration imm_calendar_time -> org.hibernate.type.BasicTypeReference@3982206a
2025-05-19T17:29:19.061-05:00 DEBUG 16040 --- [app_assisants] [           main] org.hibernate.type.BasicTypeRegistry     : Adding type registration imm_binary -> org.hibernate.type.BasicTypeReference@3e9fb485
2025-05-19T17:29:19.061-05:00 DEBUG 16040 --- [app_assisants] [           main] org.hibernate.type.BasicTypeRegistry     : Adding type registration imm_serializable -> org.hibernate.type.BasicTypeReference@4f3fec43
2025-05-19T17:29:19.069-05:00 DEBUG 16040 --- [app_assisants] [           main] o.h.boot.internal.BootstrapContextImpl   : Injecting JPA temp ClassLoader [org.springframework.instrument.classloading.SimpleThrowawayClassLoader@38929da] into BootstrapContext; was [null]
2025-05-19T17:29:19.069-05:00 DEBUG 16040 --- [app_assisants] [           main] o.h.boot.internal.ClassLoaderAccessImpl  : ClassLoaderAccessImpl#injectTempClassLoader(org.springframework.instrument.classloading.SimpleThrowawayClassLoader@38929da) [was null]
2025-05-19T17:29:19.069-05:00 DEBUG 16040 --- [app_assisants] [           main] o.h.boot.internal.BootstrapContextImpl   : Injecting ScanEnvironment [org.hibernate.jpa.boot.internal.StandardJpaScanEnvironmentImpl@18483b8b] into BootstrapContext; was [null]
2025-05-19T17:29:19.069-05:00 DEBUG 16040 --- [app_assisants] [           main] o.h.boot.internal.BootstrapContextImpl   : Injecting ScanOptions [org.hibernate.boot.archive.scan.internal.StandardScanOptions@24fc2c80] into BootstrapContext; was [org.hibernate.boot.archive.scan.internal.StandardScanOptions@965bcbc]
2025-05-19T17:29:19.330-05:00  INFO 16040 --- [app_assisants] [           main] o.s.o.j.p.SpringPersistenceUnitInfo      : No LoadTimeWeaver setup: ignoring JPA class transformer
2025-05-19T17:29:19.330-05:00 DEBUG 16040 --- [app_assisants] [           main] o.h.boot.internal.BootstrapContextImpl   : Injecting JPA temp ClassLoader [null] into BootstrapContext; was [org.springframework.instrument.classloading.SimpleThrowawayClassLoader@38929da]
2025-05-19T17:29:19.330-05:00 DEBUG 16040 --- [app_assisants] [           main] o.h.boot.internal.ClassLoaderAccessImpl  : ClassLoaderAccessImpl#injectTempClassLoader(null) [was org.springframework.instrument.classloading.SimpleThrowawayClassLoader@38929da]
2025-05-19T17:29:19.376-05:00 DEBUG 16040 --- [app_assisants] [           main] o.h.e.j.e.i.JdbcEnvironmentInitiator     : Database ->
	   name : MySQL
	version : 9.3.0
	  major : 9
	  minor : 3
2025-05-19T17:29:19.376-05:00 DEBUG 16040 --- [app_assisants] [           main] o.h.e.j.e.i.JdbcEnvironmentInitiator     : Driver ->
	   name : MySQL Connector/J
	version : mysql-connector-j-8.3.0 (Revision: 805f872a57875f311cb82487efcfb070411a3fa0)
	  major : 8
	  minor : 3
2025-05-19T17:29:19.376-05:00 DEBUG 16040 --- [app_assisants] [           main] o.h.e.j.e.i.JdbcEnvironmentInitiator     : JDBC version : 4.2
2025-05-19T17:29:19.428-05:00  WARN 16040 --- [app_assisants] [           main] org.hibernate.orm.deprecation            : HHH90000025: MySQLDialect does not need to be specified explicitly using 'hibernate.dialect' (remove the property setting and it will be selected by default)
2025-05-19T17:29:19.429-05:00 DEBUG 16040 --- [app_assisants] [           main] org.hibernate.orm.dialect                : HHH035001: Using dialect: org.hibernate.dialect.MySQLDialect, version: 9.3
2025-05-19T17:29:19.435-05:00 DEBUG 16040 --- [app_assisants] [           main] o.h.e.j.env.spi.IdentifierHelperBuilder  : JDBC driver metadata reported database stores quoted identifiers in more than one case
2025-05-19T17:29:19.436-05:00 DEBUG 16040 --- [app_assisants] [           main] o.h.e.j.env.spi.IdentifierHelperBuilder  : IdentifierCaseStrategy for both quoted and unquoted identifiers was set to the same strategy [LOWER]; that will likely lead to problems in schema update and validation if using quoted identifiers
2025-05-19T17:29:19.443-05:00 DEBUG 16040 --- [app_assisants] [           main] org.hibernate.orm.jdbc.lob               : HHH10010001: Disabling contextual LOB creation as hibernate.jdbc.lob.non_contextual_creation is true
2025-05-19T17:29:19.450-05:00 DEBUG 16040 --- [app_assisants] [           main] o.h.t.d.sql.spi.DdlTypeRegistry          : addDescriptor(12, org.hibernate.type.descriptor.sql.internal.CapacityDependentDdlType@3c4ad54) replaced previous registration(org.hibernate.type.descriptor.sql.internal.CapacityDependentDdlType@4b22214d)
2025-05-19T17:29:19.451-05:00 DEBUG 16040 --- [app_assisants] [           main] o.h.t.d.sql.spi.DdlTypeRegistry          : addDescriptor(-9, org.hibernate.type.descriptor.sql.internal.CapacityDependentDdlType@498b611e) replaced previous registration(org.hibernate.type.descriptor.sql.internal.CapacityDependentDdlType@6dde1bf5)
2025-05-19T17:29:19.451-05:00 DEBUG 16040 --- [app_assisants] [           main] o.h.t.d.sql.spi.DdlTypeRegistry          : addDescriptor(-3, org.hibernate.type.descriptor.sql.internal.CapacityDependentDdlType@4b56b517) replaced previous registration(org.hibernate.type.descriptor.sql.internal.CapacityDependentDdlType@1124dd79)
2025-05-19T17:29:19.451-05:00 DEBUG 16040 --- [app_assisants] [           main] o.h.t.d.sql.spi.DdlTypeRegistry          : addDescriptor(4003, org.hibernate.type.descriptor.sql.internal.DdlTypeImpl@335cdd2) replaced previous registration(org.hibernate.type.descriptor.sql.internal.DdlTypeImpl@1ea96ff2)
2025-05-19T17:29:19.451-05:00 DEBUG 16040 --- [app_assisants] [           main] o.h.t.d.sql.spi.DdlTypeRegistry          : addDescriptor(4001, org.hibernate.type.descriptor.sql.internal.DdlTypeImpl@60a99f3d) replaced previous registration(org.hibernate.type.descriptor.sql.internal.DdlTypeImpl@57515944)
2025-05-19T17:29:19.451-05:00 DEBUG 16040 --- [app_assisants] [           main] o.h.t.d.sql.spi.DdlTypeRegistry          : addDescriptor(4002, org.hibernate.type.descriptor.sql.internal.DdlTypeImpl@7a274521) replaced previous registration(org.hibernate.type.descriptor.sql.internal.DdlTypeImpl@2fa47368)
2025-05-19T17:29:19.451-05:00 DEBUG 16040 --- [app_assisants] [           main] o.h.t.d.sql.spi.DdlTypeRegistry          : addDescriptor(2004, org.hibernate.type.descriptor.sql.internal.CapacityDependentDdlType@35841d6) replaced previous registration(org.hibernate.type.descriptor.sql.internal.DdlTypeImpl@5e9ea380)
2025-05-19T17:29:19.451-05:00 DEBUG 16040 --- [app_assisants] [           main] o.h.t.d.sql.spi.DdlTypeRegistry          : addDescriptor(2005, org.hibernate.type.descriptor.sql.internal.CapacityDependentDdlType@1e50eb3f) replaced previous registration(org.hibernate.type.descriptor.sql.internal.DdlTypeImpl@12e3f4ae)
2025-05-19T17:29:19.452-05:00 DEBUG 16040 --- [app_assisants] [           main] o.h.t.d.sql.spi.DdlTypeRegistry          : addDescriptor(2011, org.hibernate.type.descriptor.sql.internal.CapacityDependentDdlType@537451d5) replaced previous registration(org.hibernate.type.descriptor.sql.internal.DdlTypeImpl@785d6a98)
2025-05-19T17:29:19.453-05:00 DEBUG 16040 --- [app_assisants] [           main] o.h.t.d.jdbc.spi.JdbcTypeRegistry        : addDescriptor(NCharTypeDescriptor) replaced previous registration(CharTypeDescriptor)
2025-05-19T17:29:19.454-05:00 DEBUG 16040 --- [app_assisants] [           main] o.h.t.d.jdbc.spi.JdbcTypeRegistry        : addDescriptor(NVarcharTypeDescriptor) replaced previous registration(VarcharTypeDescriptor)
2025-05-19T17:29:19.454-05:00 DEBUG 16040 --- [app_assisants] [           main] o.h.t.d.jdbc.spi.JdbcTypeRegistry        : addDescriptor(LongNVarcharTypeDescriptor) replaced previous registration(LongVarcharTypeDescriptor)
2025-05-19T17:29:19.456-05:00 DEBUG 16040 --- [app_assisants] [           main] o.h.t.d.jdbc.spi.JdbcTypeRegistry        : addDescriptor(NClobTypeDescriptor(DEFAULT)) replaced previous registration(ClobTypeDescriptor(DEFAULT))
2025-05-19T17:29:19.456-05:00 DEBUG 16040 --- [app_assisants] [           main] o.h.t.d.jdbc.spi.JdbcTypeRegistry        : addDescriptor(2005, ClobTypeDescriptor(STREAM_BINDING)) replaced previous registration(ClobTypeDescriptor(DEFAULT))
2025-05-19T17:29:19.459-05:00 DEBUG 16040 --- [app_assisants] [           main] org.hibernate.type.BasicTypeRegistry     : Adding type registration null -> org.hibernate.type.NullType@424a152f
2025-05-19T17:29:19.460-05:00 DEBUG 16040 --- [app_assisants] [           main] org.hibernate.type.BasicTypeRegistry     : Type registration key [null] overrode previous entry : `org.hibernate.type.NullType@79d49790`
2025-05-19T17:29:19.464-05:00 DEBUG 16040 --- [app_assisants] [           main] org.hibernate.type.BasicTypeRegistry     : Adding type registration org.hibernate.type.DurationType -> basicType@1(java.time.Duration,3015)
2025-05-19T17:29:19.465-05:00 DEBUG 16040 --- [app_assisants] [           main] org.hibernate.type.BasicTypeRegistry     : Adding type registration Duration -> basicType@1(java.time.Duration,3015)
2025-05-19T17:29:19.465-05:00 DEBUG 16040 --- [app_assisants] [           main] org.hibernate.type.BasicTypeRegistry     : Adding type registration java.time.Duration -> basicType@1(java.time.Duration,3015)
2025-05-19T17:29:19.468-05:00 DEBUG 16040 --- [app_assisants] [           main] org.hibernate.type.BasicTypeRegistry     : Adding type registration org.hibernate.type.OffsetDateTimeType -> basicType@2(java.time.OffsetDateTime,3003)
2025-05-19T17:29:19.468-05:00 DEBUG 16040 --- [app_assisants] [           main] org.hibernate.type.BasicTypeRegistry     : Adding type registration OffsetDateTime -> basicType@2(java.time.OffsetDateTime,3003)
2025-05-19T17:29:19.468-05:00 DEBUG 16040 --- [app_assisants] [           main] org.hibernate.type.BasicTypeRegistry     : Adding type registration java.time.OffsetDateTime -> basicType@2(java.time.OffsetDateTime,3003)
2025-05-19T17:29:19.468-05:00 DEBUG 16040 --- [app_assisants] [           main] org.hibernate.type.BasicTypeRegistry     : Adding type registration org.hibernate.type.ZonedDateTimeType -> basicType@3(java.time.ZonedDateTime,3003)
2025-05-19T17:29:19.468-05:00 DEBUG 16040 --- [app_assisants] [           main] org.hibernate.type.BasicTypeRegistry     : Adding type registration ZonedDateTime -> basicType@3(java.time.ZonedDateTime,3003)
2025-05-19T17:29:19.468-05:00 DEBUG 16040 --- [app_assisants] [           main] org.hibernate.type.BasicTypeRegistry     : Adding type registration java.time.ZonedDateTime -> basicType@3(java.time.ZonedDateTime,3003)
2025-05-19T17:29:19.469-05:00 DEBUG 16040 --- [app_assisants] [           main] org.hibernate.type.BasicTypeRegistry     : Adding type registration org.hibernate.type.OffsetTimeType -> basicType@4(java.time.OffsetTime,3007)
2025-05-19T17:29:19.469-05:00 DEBUG 16040 --- [app_assisants] [           main] org.hibernate.type.BasicTypeRegistry     : Adding type registration OffsetTime -> basicType@4(java.time.OffsetTime,3007)
2025-05-19T17:29:19.469-05:00 DEBUG 16040 --- [app_assisants] [           main] org.hibernate.type.BasicTypeRegistry     : Adding type registration java.time.OffsetTime -> basicType@4(java.time.OffsetTime,3007)
2025-05-19T17:29:19.471-05:00 DEBUG 16040 --- [app_assisants] [           main] o.h.type.spi.TypeConfiguration$Scope     : Scoping TypeConfiguration [org.hibernate.type.spi.TypeConfiguration@24435620] to MetadataBuildingContext [org.hibernate.boot.internal.MetadataBuildingContextRootImpl@4c02899]
2025-05-19T17:29:19.511-05:00 DEBUG 16040 --- [app_assisants] [           main] o.h.boot.model.relational.Namespace      : Created database namespace [logicalName=Name{catalog=null, schema=null}, physicalName=Name{catalog=null, schema=null}]
2025-05-19T17:29:19.539-05:00 DEBUG 16040 --- [app_assisants] [           main] o.h.boot.model.internal.EntityBinder     : Binding entity from annotated class: com.assisantsProject.asistantProject.entidades.Archivo
2025-05-19T17:29:19.546-05:00 DEBUG 16040 --- [app_assisants] [           main] o.h.boot.model.internal.EntityBinder     : Import with entity name Archivo
2025-05-19T17:29:19.554-05:00 DEBUG 16040 --- [app_assisants] [           main] o.h.boot.model.internal.EntityBinder     : Bind entity com.assisantsProject.asistantProject.entidades.Archivo on table archivo
2025-05-19T17:29:19.567-05:00 DEBUG 16040 --- [app_assisants] [           main] o.h.boot.model.internal.AnnotatedColumn  : Binding column: AnnotatedDiscriminatorColumn(column='DTYPE')
2025-05-19T17:29:19.586-05:00 DEBUG 16040 --- [app_assisants] [           main] o.h.boot.model.internal.AnnotatedColumn  : Binding column: AnnotatedColumn()
2025-05-19T17:29:19.587-05:00 DEBUG 16040 --- [app_assisants] [           main] o.h.boot.internal.ClassLoaderAccessImpl  : Not known whether passed class name [com.assisantsProject.asistantProject.entidades.Archivo] is safe
2025-05-19T17:29:19.587-05:00 DEBUG 16040 --- [app_assisants] [           main] o.h.boot.internal.ClassLoaderAccessImpl  : No temp ClassLoader provided; using live ClassLoader for loading potentially unsafe class : com.assisantsProject.asistantProject.entidades.Archivo
2025-05-19T17:29:19.590-05:00 DEBUG 16040 --- [app_assisants] [           main] o.h.boot.model.internal.PropertyBinder   : MetadataSourceProcessor property id with lazy=false
2025-05-19T17:29:19.595-05:00 DEBUG 16040 --- [app_assisants] [           main] o.h.b.m.internal.AbstractPropertyHolder  : Attempting to locate auto-apply AttributeConverter for property [com.assisantsProject.asistantProject.entidades.Archivo:id]
2025-05-19T17:29:19.599-05:00 DEBUG 16040 --- [app_assisants] [           main] o.h.b.model.internal.BasicValueBinder    : building BasicValue for id
2025-05-19T17:29:19.602-05:00 DEBUG 16040 --- [app_assisants] [           main] org.hibernate.mapping.BasicValue         : Skipping column re-registration: archivo.id
2025-05-19T17:29:19.603-05:00 DEBUG 16040 --- [app_assisants] [           main] o.h.boot.model.internal.PropertyBinder   : Building property id
2025-05-19T17:29:19.607-05:00 DEBUG 16040 --- [app_assisants] [           main] o.h.boot.model.internal.BinderHelper     : #makeIdGenerator(BasicValue([Column(id)]), id, org.hibernate.id.UUIDGenerator, , ...)
2025-05-19T17:29:19.612-05:00 DEBUG 16040 --- [app_assisants] [           main] o.h.boot.model.internal.AnnotatedColumn  : Binding column: AnnotatedJoinColumn(column='candidato')
2025-05-19T17:29:19.612-05:00 DEBUG 16040 --- [app_assisants] [           main] o.h.boot.model.internal.AnnotatedColumn  : Binding column: AnnotatedColumn()
2025-05-19T17:29:19.617-05:00 DEBUG 16040 --- [app_assisants] [           main] o.h.boot.model.internal.PropertyBinder   : Building property candidato
2025-05-19T17:29:19.618-05:00 DEBUG 16040 --- [app_assisants] [           main] o.h.boot.model.internal.AnnotatedColumn  : Binding column: AnnotatedColumn()
2025-05-19T17:29:19.618-05:00 DEBUG 16040 --- [app_assisants] [           main] o.h.boot.model.internal.PropertyBinder   : MetadataSourceProcessor property fileName with lazy=false
2025-05-19T17:29:19.618-05:00 DEBUG 16040 --- [app_assisants] [           main] o.h.b.m.internal.AbstractPropertyHolder  : Attempting to locate auto-apply AttributeConverter for property [com.assisantsProject.asistantProject.entidades.Archivo:fileName]
2025-05-19T17:29:19.618-05:00 DEBUG 16040 --- [app_assisants] [           main] o.h.b.model.internal.BasicValueBinder    : building BasicValue for fileName
2025-05-19T17:29:19.618-05:00 DEBUG 16040 --- [app_assisants] [           main] org.hibernate.mapping.BasicValue         : Skipping column re-registration: archivo.file_name
2025-05-19T17:29:19.618-05:00 DEBUG 16040 --- [app_assisants] [           main] o.h.boot.model.internal.PropertyBinder   : Building property fileName
2025-05-19T17:29:19.619-05:00 DEBUG 16040 --- [app_assisants] [           main] o.h.boot.model.internal.AnnotatedColumn  : Binding column: AnnotatedColumn()
2025-05-19T17:29:19.619-05:00 DEBUG 16040 --- [app_assisants] [           main] o.h.boot.model.internal.PropertyBinder   : MetadataSourceProcessor property fileType with lazy=false
2025-05-19T17:29:19.619-05:00 DEBUG 16040 --- [app_assisants] [           main] o.h.b.m.internal.AbstractPropertyHolder  : Attempting to locate auto-apply AttributeConverter for property [com.assisantsProject.asistantProject.entidades.Archivo:fileType]
2025-05-19T17:29:19.619-05:00 DEBUG 16040 --- [app_assisants] [           main] o.h.b.model.internal.BasicValueBinder    : building BasicValue for fileType
2025-05-19T17:29:19.619-05:00 DEBUG 16040 --- [app_assisants] [           main] org.hibernate.mapping.BasicValue         : Skipping column re-registration: archivo.file_type
2025-05-19T17:29:19.619-05:00 DEBUG 16040 --- [app_assisants] [           main] o.h.boot.model.internal.PropertyBinder   : Building property fileType
2025-05-19T17:29:19.619-05:00 DEBUG 16040 --- [app_assisants] [           main] o.h.boot.model.internal.AnnotatedColumn  : Binding column: AnnotatedColumn()
2025-05-19T17:29:19.619-05:00 DEBUG 16040 --- [app_assisants] [           main] o.h.boot.model.internal.PropertyBinder   : MetadataSourceProcessor property ruta with lazy=false
2025-05-19T17:29:19.619-05:00 DEBUG 16040 --- [app_assisants] [           main] o.h.b.m.internal.AbstractPropertyHolder  : Attempting to locate auto-apply AttributeConverter for property [com.assisantsProject.asistantProject.entidades.Archivo:ruta]
2025-05-19T17:29:19.619-05:00 DEBUG 16040 --- [app_assisants] [           main] o.h.b.model.internal.BasicValueBinder    : building BasicValue for ruta
2025-05-19T17:29:19.619-05:00 DEBUG 16040 --- [app_assisants] [           main] org.hibernate.mapping.BasicValue         : Skipping column re-registration: archivo.ruta
2025-05-19T17:29:19.620-05:00 DEBUG 16040 --- [app_assisants] [           main] o.h.boot.model.internal.PropertyBinder   : Building property ruta
2025-05-19T17:29:19.621-05:00 DEBUG 16040 --- [app_assisants] [           main] o.h.b.r.c.i.ClassLoaderServiceImpl       : HHH000194: Package not found or no package-info.java: com.assisantsProject.asistantProject.entidades
2025-05-19T17:29:19.626-05:00 DEBUG 16040 --- [app_assisants] [           main] o.h.boot.model.internal.EntityBinder     : Binding entity from annotated class: com.assisantsProject.asistantProject.entidades.Candidato
2025-05-19T17:29:19.626-05:00 DEBUG 16040 --- [app_assisants] [           main] o.h.boot.model.internal.EntityBinder     : Import with entity name Candidato
2025-05-19T17:29:19.626-05:00 DEBUG 16040 --- [app_assisants] [           main] o.h.boot.model.internal.EntityBinder     : Bind entity com.assisantsProject.asistantProject.entidades.Candidato on table candidato
2025-05-19T17:29:19.627-05:00 DEBUG 16040 --- [app_assisants] [           main] o.h.boot.model.internal.AnnotatedColumn  : Binding column: AnnotatedDiscriminatorColumn(column='DTYPE')
2025-05-19T17:29:19.630-05:00 DEBUG 16040 --- [app_assisants] [           main] o.h.boot.model.internal.AnnotatedColumn  : Binding column: AnnotatedColumn()
2025-05-19T17:29:19.630-05:00 DEBUG 16040 --- [app_assisants] [           main] o.h.boot.internal.ClassLoaderAccessImpl  : Not known whether passed class name [com.assisantsProject.asistantProject.entidades.Candidato] is safe
2025-05-19T17:29:19.630-05:00 DEBUG 16040 --- [app_assisants] [           main] o.h.boot.internal.ClassLoaderAccessImpl  : No temp ClassLoader provided; using live ClassLoader for loading potentially unsafe class : com.assisantsProject.asistantProject.entidades.Candidato
2025-05-19T17:29:19.630-05:00 DEBUG 16040 --- [app_assisants] [           main] o.h.boot.model.internal.PropertyBinder   : MetadataSourceProcessor property id with lazy=false
2025-05-19T17:29:19.630-05:00 DEBUG 16040 --- [app_assisants] [           main] o.h.b.m.internal.AbstractPropertyHolder  : Attempting to locate auto-apply AttributeConverter for property [com.assisantsProject.asistantProject.entidades.Candidato:id]
2025-05-19T17:29:19.630-05:00 DEBUG 16040 --- [app_assisants] [           main] o.h.b.model.internal.BasicValueBinder    : building BasicValue for id
2025-05-19T17:29:19.630-05:00 DEBUG 16040 --- [app_assisants] [           main] org.hibernate.mapping.BasicValue         : Skipping column re-registration: candidato.id
2025-05-19T17:29:19.630-05:00 DEBUG 16040 --- [app_assisants] [           main] o.h.boot.model.internal.PropertyBinder   : Building property id
2025-05-19T17:29:19.631-05:00 DEBUG 16040 --- [app_assisants] [           main] o.h.boot.model.internal.BinderHelper     : #makeIdGenerator(BasicValue([Column(id)]), id, org.hibernate.id.UUIDGenerator, , ...)
2025-05-19T17:29:19.631-05:00 DEBUG 16040 --- [app_assisants] [           main] o.h.boot.model.internal.AnnotatedColumn  : Binding column: AnnotatedJoinColumn()
2025-05-19T17:29:19.631-05:00 DEBUG 16040 --- [app_assisants] [           main] o.h.boot.model.internal.AnnotatedColumn  : Binding column: AnnotatedColumn()
2025-05-19T17:29:19.641-05:00 DEBUG 16040 --- [app_assisants] [           main] o.h.boot.model.internal.AnnotatedColumn  : Binding column: IndexColumn(column='archivos_ORDER')
2025-05-19T17:29:19.642-05:00 DEBUG 16040 --- [app_assisants] [           main] o.h.boot.model.internal.AnnotatedColumn  : Binding column: AnnotatedColumn()
2025-05-19T17:29:19.643-05:00 DEBUG 16040 --- [app_assisants] [           main] o.h.boot.model.internal.AnnotatedColumn  : Binding column: AnnotatedColumn(column='archivos_KEY')
2025-05-19T17:29:19.644-05:00 DEBUG 16040 --- [app_assisants] [           main] o.h.boot.model.internal.AnnotatedColumn  : Binding column: AnnotatedJoinColumn(column='archivos_KEY')
2025-05-19T17:29:19.644-05:00 DEBUG 16040 --- [app_assisants] [           main] o.h.boot.model.internal.AnnotatedColumn  : Binding column: AnnotatedJoinColumn()
2025-05-19T17:29:19.644-05:00 DEBUG 16040 --- [app_assisants] [           main] o.h.boot.model.internal.AnnotatedColumn  : Binding column: AnnotatedJoinColumn()
2025-05-19T17:29:19.646-05:00 DEBUG 16040 --- [app_assisants] [           main] o.h.b.model.internal.CollectionBinder    : Collection role: com.assisantsProject.asistantProject.entidades.Candidato.archivos
2025-05-19T17:29:19.647-05:00 DEBUG 16040 --- [app_assisants] [           main] o.h.boot.model.internal.PropertyBinder   : Building property archivos
2025-05-19T17:29:19.649-05:00 DEBUG 16040 --- [app_assisants] [           main] o.h.boot.model.internal.AnnotatedColumn  : Binding column: AnnotatedColumn()
2025-05-19T17:29:19.649-05:00 DEBUG 16040 --- [app_assisants] [           main] o.h.boot.model.internal.PropertyBinder   : MetadataSourceProcessor property contacto with lazy=false
2025-05-19T17:29:19.649-05:00 DEBUG 16040 --- [app_assisants] [           main] o.h.b.m.internal.AbstractPropertyHolder  : Attempting to locate auto-apply AttributeConverter for property [com.assisantsProject.asistantProject.entidades.Candidato:contacto]
2025-05-19T17:29:19.649-05:00 DEBUG 16040 --- [app_assisants] [           main] o.h.b.model.internal.BasicValueBinder    : building BasicValue for contacto
2025-05-19T17:29:19.649-05:00 DEBUG 16040 --- [app_assisants] [           main] org.hibernate.mapping.BasicValue         : Skipping column re-registration: candidato.contacto
2025-05-19T17:29:19.650-05:00 DEBUG 16040 --- [app_assisants] [           main] o.h.boot.model.internal.PropertyBinder   : Building property contacto
2025-05-19T17:29:19.650-05:00 DEBUG 16040 --- [app_assisants] [           main] o.h.boot.model.internal.AnnotatedColumn  : Binding column: AnnotatedColumn()
2025-05-19T17:29:19.650-05:00 DEBUG 16040 --- [app_assisants] [           main] o.h.boot.model.internal.PropertyBinder   : MetadataSourceProcessor property correo with lazy=false
2025-05-19T17:29:19.650-05:00 DEBUG 16040 --- [app_assisants] [           main] o.h.b.m.internal.AbstractPropertyHolder  : Attempting to locate auto-apply AttributeConverter for property [com.assisantsProject.asistantProject.entidades.Candidato:correo]
2025-05-19T17:29:19.650-05:00 DEBUG 16040 --- [app_assisants] [           main] o.h.b.model.internal.BasicValueBinder    : building BasicValue for correo
2025-05-19T17:29:19.650-05:00 DEBUG 16040 --- [app_assisants] [           main] org.hibernate.mapping.BasicValue         : Skipping column re-registration: candidato.correo
2025-05-19T17:29:19.650-05:00 DEBUG 16040 --- [app_assisants] [           main] o.h.boot.model.internal.PropertyBinder   : Building property correo
2025-05-19T17:29:19.650-05:00 DEBUG 16040 --- [app_assisants] [           main] o.h.boot.model.internal.AnnotatedColumn  : Binding column: AnnotatedColumn()
2025-05-19T17:29:19.650-05:00 DEBUG 16040 --- [app_assisants] [           main] o.h.boot.model.internal.PropertyBinder   : MetadataSourceProcessor property doc with lazy=false
2025-05-19T17:29:19.650-05:00 DEBUG 16040 --- [app_assisants] [           main] o.h.b.m.internal.AbstractPropertyHolder  : Attempting to locate auto-apply AttributeConverter for property [com.assisantsProject.asistantProject.entidades.Candidato:doc]
2025-05-19T17:29:19.650-05:00 DEBUG 16040 --- [app_assisants] [           main] o.h.b.model.internal.BasicValueBinder    : building BasicValue for doc
2025-05-19T17:29:19.650-05:00 DEBUG 16040 --- [app_assisants] [           main] org.hibernate.mapping.BasicValue         : Skipping column re-registration: candidato.doc
2025-05-19T17:29:19.650-05:00 DEBUG 16040 --- [app_assisants] [           main] o.h.boot.model.internal.PropertyBinder   : Building property doc
2025-05-19T17:29:19.651-05:00 DEBUG 16040 --- [app_assisants] [           main] o.h.boot.model.internal.AnnotatedColumn  : Binding column: AnnotatedJoinColumn(column='asistente')
2025-05-19T17:29:19.651-05:00 DEBUG 16040 --- [app_assisants] [           main] o.h.boot.model.internal.AnnotatedColumn  : Binding column: AnnotatedColumn()
2025-05-19T17:29:19.651-05:00 DEBUG 16040 --- [app_assisants] [           main] o.h.boot.model.internal.PropertyBinder   : Building property equipo
2025-05-19T17:29:19.651-05:00 DEBUG 16040 --- [app_assisants] [           main] o.h.boot.model.internal.AnnotatedColumn  : Binding column: AnnotatedColumn()
2025-05-19T17:29:19.651-05:00 DEBUG 16040 --- [app_assisants] [           main] o.h.boot.model.internal.PropertyBinder   : MetadataSourceProcessor property estado with lazy=false
2025-05-19T17:29:19.651-05:00 DEBUG 16040 --- [app_assisants] [           main] o.h.b.m.internal.AbstractPropertyHolder  : Attempting to locate auto-apply AttributeConverter for property [com.assisantsProject.asistantProject.entidades.Candidato:estado]
2025-05-19T17:29:19.651-05:00 DEBUG 16040 --- [app_assisants] [           main] o.h.b.model.internal.BasicValueBinder    : building BasicValue for estado
2025-05-19T17:29:19.651-05:00 DEBUG 16040 --- [app_assisants] [           main] org.hibernate.mapping.BasicValue         : Skipping column re-registration: candidato.estado
2025-05-19T17:29:19.651-05:00 DEBUG 16040 --- [app_assisants] [           main] o.h.boot.model.internal.PropertyBinder   : Building property estado
2025-05-19T17:29:19.651-05:00 DEBUG 16040 --- [app_assisants] [           main] o.h.boot.model.internal.AnnotatedColumn  : Binding column: AnnotatedColumn()
2025-05-19T17:29:19.651-05:00 DEBUG 16040 --- [app_assisants] [           main] o.h.boot.model.internal.PropertyBinder   : MetadataSourceProcessor property fechaExpedicion with lazy=false
2025-05-19T17:29:19.651-05:00 DEBUG 16040 --- [app_assisants] [           main] o.h.b.m.internal.AbstractPropertyHolder  : Attempting to locate auto-apply AttributeConverter for property [com.assisantsProject.asistantProject.entidades.Candidato:fechaExpedicion]
2025-05-19T17:29:19.652-05:00 DEBUG 16040 --- [app_assisants] [           main] o.h.b.model.internal.BasicValueBinder    : building BasicValue for fechaExpedicion
2025-05-19T17:29:19.652-05:00 DEBUG 16040 --- [app_assisants] [           main] org.hibernate.mapping.BasicValue         : Skipping column re-registration: candidato.fecha_expedicion
2025-05-19T17:29:19.652-05:00 DEBUG 16040 --- [app_assisants] [           main] o.h.boot.model.internal.PropertyBinder   : Building property fechaExpedicion
2025-05-19T17:29:19.652-05:00 DEBUG 16040 --- [app_assisants] [           main] o.h.boot.model.internal.AnnotatedColumn  : Binding column: AnnotatedColumn()
2025-05-19T17:29:19.652-05:00 DEBUG 16040 --- [app_assisants] [           main] o.h.boot.model.internal.PropertyBinder   : MetadataSourceProcessor property fechaNacimiento with lazy=false
2025-05-19T17:29:19.652-05:00 DEBUG 16040 --- [app_assisants] [           main] o.h.b.m.internal.AbstractPropertyHolder  : Attempting to locate auto-apply AttributeConverter for property [com.assisantsProject.asistantProject.entidades.Candidato:fechaNacimiento]
2025-05-19T17:29:19.652-05:00 DEBUG 16040 --- [app_assisants] [           main] o.h.b.model.internal.BasicValueBinder    : building BasicValue for fechaNacimiento
2025-05-19T17:29:19.652-05:00 DEBUG 16040 --- [app_assisants] [           main] org.hibernate.mapping.BasicValue         : Skipping column re-registration: candidato.fecha_nacimiento
2025-05-19T17:29:19.652-05:00 DEBUG 16040 --- [app_assisants] [           main] o.h.boot.model.internal.PropertyBinder   : Building property fechaNacimiento
2025-05-19T17:29:19.652-05:00 DEBUG 16040 --- [app_assisants] [           main] o.h.boot.model.internal.AnnotatedColumn  : Binding column: AnnotatedColumn()
2025-05-19T17:29:19.652-05:00 DEBUG 16040 --- [app_assisants] [           main] o.h.boot.model.internal.PropertyBinder   : MetadataSourceProcessor property nombre with lazy=false
2025-05-19T17:29:19.652-05:00 DEBUG 16040 --- [app_assisants] [           main] o.h.b.m.internal.AbstractPropertyHolder  : Attempting to locate auto-apply AttributeConverter for property [com.assisantsProject.asistantProject.entidades.Candidato:nombre]
2025-05-19T17:29:19.652-05:00 DEBUG 16040 --- [app_assisants] [           main] o.h.b.model.internal.BasicValueBinder    : building BasicValue for nombre
2025-05-19T17:29:19.652-05:00 DEBUG 16040 --- [app_assisants] [           main] org.hibernate.mapping.BasicValue         : Skipping column re-registration: candidato.nombre
2025-05-19T17:29:19.653-05:00 DEBUG 16040 --- [app_assisants] [           main] o.h.boot.model.internal.PropertyBinder   : Building property nombre
2025-05-19T17:29:19.653-05:00 DEBUG 16040 --- [app_assisants] [           main] o.h.boot.model.internal.AnnotatedColumn  : Binding column: AnnotatedColumn()
2025-05-19T17:29:19.653-05:00 DEBUG 16040 --- [app_assisants] [           main] o.h.boot.model.internal.PropertyBinder   : MetadataSourceProcessor property tipoDoc with lazy=false
2025-05-19T17:29:19.653-05:00 DEBUG 16040 --- [app_assisants] [           main] o.h.b.m.internal.AbstractPropertyHolder  : Attempting to locate auto-apply AttributeConverter for property [com.assisantsProject.asistantProject.entidades.Candidato:tipoDoc]
2025-05-19T17:29:19.653-05:00 DEBUG 16040 --- [app_assisants] [           main] o.h.b.model.internal.BasicValueBinder    : building BasicValue for tipoDoc
2025-05-19T17:29:19.653-05:00 DEBUG 16040 --- [app_assisants] [           main] org.hibernate.mapping.BasicValue         : Skipping column re-registration: candidato.tipo_doc
2025-05-19T17:29:19.653-05:00 DEBUG 16040 --- [app_assisants] [           main] o.h.boot.model.internal.PropertyBinder   : Building property tipoDoc
2025-05-19T17:29:19.653-05:00 DEBUG 16040 --- [app_assisants] [           main] o.h.boot.model.internal.AnnotatedColumn  : Binding column: AnnotatedJoinColumn()
2025-05-19T17:29:19.653-05:00 DEBUG 16040 --- [app_assisants] [           main] o.h.boot.model.internal.AnnotatedColumn  : Binding column: AnnotatedColumn()
2025-05-19T17:29:19.653-05:00 DEBUG 16040 --- [app_assisants] [           main] o.h.boot.model.internal.PropertyBinder   : Building property wave
2025-05-19T17:29:19.654-05:00 DEBUG 16040 --- [app_assisants] [           main] o.h.b.r.c.i.ClassLoaderServiceImpl       : HHH000194: Package not found or no package-info.java: com.assisantsProject.asistantProject.entidades
2025-05-19T17:29:19.655-05:00 DEBUG 16040 --- [app_assisants] [           main] o.h.boot.model.internal.EntityBinder     : Binding entity from annotated class: com.assisantsProject.asistantProject.entidades.PasswordResetToken
2025-05-19T17:29:19.655-05:00 DEBUG 16040 --- [app_assisants] [           main] o.h.boot.model.internal.EntityBinder     : Import with entity name PasswordResetToken
2025-05-19T17:29:19.655-05:00 DEBUG 16040 --- [app_assisants] [           main] o.h.boot.model.internal.EntityBinder     : Bind entity com.assisantsProject.asistantProject.entidades.PasswordResetToken on table password_reset_token
2025-05-19T17:29:19.655-05:00 DEBUG 16040 --- [app_assisants] [           main] o.h.boot.model.internal.AnnotatedColumn  : Binding column: AnnotatedDiscriminatorColumn(column='DTYPE')
2025-05-19T17:29:19.655-05:00 DEBUG 16040 --- [app_assisants] [           main] o.h.boot.model.internal.AnnotatedColumn  : Binding column: AnnotatedColumn()
2025-05-19T17:29:19.655-05:00 DEBUG 16040 --- [app_assisants] [           main] o.h.boot.internal.ClassLoaderAccessImpl  : Not known whether passed class name [com.assisantsProject.asistantProject.entidades.PasswordResetToken] is safe
2025-05-19T17:29:19.655-05:00 DEBUG 16040 --- [app_assisants] [           main] o.h.boot.internal.ClassLoaderAccessImpl  : No temp ClassLoader provided; using live ClassLoader for loading potentially unsafe class : com.assisantsProject.asistantProject.entidades.PasswordResetToken
2025-05-19T17:29:19.655-05:00 DEBUG 16040 --- [app_assisants] [           main] o.h.boot.model.internal.PropertyBinder   : MetadataSourceProcessor property id with lazy=false
2025-05-19T17:29:19.656-05:00 DEBUG 16040 --- [app_assisants] [           main] o.h.b.m.internal.AbstractPropertyHolder  : Attempting to locate auto-apply AttributeConverter for property [com.assisantsProject.asistantProject.entidades.PasswordResetToken:id]
2025-05-19T17:29:19.656-05:00 DEBUG 16040 --- [app_assisants] [           main] o.h.b.model.internal.BasicValueBinder    : building BasicValue for id
2025-05-19T17:29:19.656-05:00 DEBUG 16040 --- [app_assisants] [           main] org.hibernate.mapping.BasicValue         : Skipping column re-registration: password_reset_token.id
2025-05-19T17:29:19.656-05:00 DEBUG 16040 --- [app_assisants] [           main] o.h.boot.model.internal.PropertyBinder   : Building property id
2025-05-19T17:29:19.656-05:00 DEBUG 16040 --- [app_assisants] [           main] o.h.boot.model.internal.BinderHelper     : #makeIdGenerator(BasicValue([Column(id)]), id, org.hibernate.id.UUIDGenerator, , ...)
2025-05-19T17:29:19.656-05:00 DEBUG 16040 --- [app_assisants] [           main] o.h.b.r.c.i.ClassLoaderServiceImpl       : HHH000194: Package not found or no package-info.java: com.assisantsProject.asistantProject.entidades
2025-05-19T17:29:19.657-05:00 DEBUG 16040 --- [app_assisants] [           main] o.h.boot.model.internal.EntityBinder     : Binding entity from annotated class: com.assisantsProject.asistantProject.entidades.Rol
2025-05-19T17:29:19.657-05:00 DEBUG 16040 --- [app_assisants] [           main] o.h.boot.model.internal.EntityBinder     : Import with entity name Rol
2025-05-19T17:29:19.657-05:00 DEBUG 16040 --- [app_assisants] [           main] o.h.boot.model.internal.EntityBinder     : Bind entity com.assisantsProject.asistantProject.entidades.Rol on table rol
2025-05-19T17:29:19.657-05:00 DEBUG 16040 --- [app_assisants] [           main] o.h.boot.model.internal.AnnotatedColumn  : Binding column: AnnotatedDiscriminatorColumn(column='DTYPE')
2025-05-19T17:29:19.657-05:00 DEBUG 16040 --- [app_assisants] [           main] o.h.boot.model.internal.AnnotatedColumn  : Binding column: AnnotatedColumn()
2025-05-19T17:29:19.657-05:00 DEBUG 16040 --- [app_assisants] [           main] o.h.boot.internal.ClassLoaderAccessImpl  : Not known whether passed class name [com.assisantsProject.asistantProject.entidades.Rol] is safe
[...]
2025-05-19T17:29:22.417-05:00 DEBUG 16040 --- [app_assisants] [           main] o.hibernate.orm.results.loading.entity   : (EntityResultInitializer) Created new entity instance [com.assisantsProject.asistantProject.entidades.Usuario(263252883038099)#978ff316-76ae-4793-8da3-4c1b3b38c2cd] : 1341257842
2025-05-19T17:29:22.423-05:00 DEBUG 16040 --- [app_assisants] [           main] org.hibernate.orm.results                : Extracted JDBC value [3] - [e0d339bb-c3be-4b60-967e-f2d3989ad9fd]
2025-05-19T17:29:22.423-05:00 DEBUG 16040 --- [app_assisants] [           main] o.hibernate.orm.results.loading.entity   : (EntitySelectFetchInitializer) Invoking session#internalLoad for entity (com.assisantsProject.asistantProject.entidades.Usuario(263252883038099).rol#e0d339bb-c3be-4b60-967e-f2d3989ad9fd) : e0d339bb-c3be-4b60-967e-f2d3989ad9fd
2025-05-19T17:29:22.427-05:00 DEBUG 16040 --- [app_assisants] [           main] org.hibernate.orm.sql.exec               : Skipping reading Query result cache data: cache-enabled = false, cache-mode = IGNORE
2025-05-19T17:29:22.428-05:00 DEBUG 16040 --- [app_assisants] [           main] org.hibernate.orm.results                : Initializer list:
	  com.assisantsProject.asistantProject.entidades.Rol -> EntityResultInitializer(com.assisantsProject.asistantProject.entidades.Rol)@244044847 (SingleTableEntityPersister(com.assisantsProject.asistantProject.entidades.Rol))

2025-05-19T17:29:22.428-05:00 DEBUG 16040 --- [app_assisants] [           main] org.hibernate.SQL                        : select r1_0.id,r1_0.descripcion,r1_0.nombre from rol r1_0 where r1_0.id=?
2025-05-19T17:29:22.429-05:00 DEBUG 16040 --- [app_assisants] [           main] o.hibernate.orm.results.loading.entity   : (EntityResultInitializer) Hydrated EntityKey (com.assisantsProject.asistantProject.entidades.Rol): e0d339bb-c3be-4b60-967e-f2d3989ad9fd
2025-05-19T17:29:22.429-05:00 DEBUG 16040 --- [app_assisants] [           main] o.hibernate.orm.results.loading.entity   : (EntityResultInitializer) Created new entity instance [com.assisantsProject.asistantProject.entidades.Rol#e0d339bb-c3be-4b60-967e-f2d3989ad9fd] : 125112538
2025-05-19T17:29:22.429-05:00 DEBUG 16040 --- [app_assisants] [           main] org.hibernate.orm.results                : Extracted JDBC value [1] - [Supervisor]
2025-05-19T17:29:22.429-05:00 DEBUG 16040 --- [app_assisants] [           main] org.hibernate.orm.results                : Extracted JDBC value [2] - [usuario]
2025-05-19T17:29:22.435-05:00 DEBUG 16040 --- [app_assisants] [           main] o.hibernate.orm.results.loading.entity   : (EntityResultInitializer) Done materializing entityInstance : com.assisantsProject.asistantProject.entidades.Rol#e0d339bb-c3be-4b60-967e-f2d3989ad9fd
2025-05-19T17:29:22.435-05:00 DEBUG 16040 --- [app_assisants] [           main] org.hibernate.orm.results.loading        : Calling top-level assembler (0 / 1) : org.hibernate.sql.results.graph.entity.internal.EntityAssembler@3796ca50
2025-05-19T17:29:22.436-05:00 DEBUG 16040 --- [app_assisants] [           main] o.hibernate.orm.results.loading.entity   : (EntitySelectFetchInitializer) Entity [com.assisantsProject.asistantProject.entidades.Usuario(263252883038099).rol#e0d339bb-c3be-4b60-967e-f2d3989ad9fd] : e0d339bb-c3be-4b60-967e-f2d3989ad9fd has being loaded by session.internalLoad.
2025-05-19T17:29:22.437-05:00 DEBUG 16040 --- [app_assisants] [           main] org.hibernate.orm.results                : Extracted JDBC value [1] - [sebastian.fernandezhenao@iqor.com]
2025-05-19T17:29:22.437-05:00 DEBUG 16040 --- [app_assisants] [           main] org.hibernate.orm.results                : Extracted JDBC value [2] - [$2a$10$TxMndGpOGR.AD2UieLuGV.86ABLYKaLsEbHEjltSwth7FKKhoVr6u]
2025-05-19T17:29:22.437-05:00 DEBUG 16040 --- [app_assisants] [           main] org.hibernate.orm.results                : Extracted JDBC value [4] - [sebastian.henao]
2025-05-19T17:29:22.437-05:00 DEBUG 16040 --- [app_assisants] [           main] o.hibernate.orm.results.loading.entity   : (EntityResultInitializer) Done materializing entityInstance : com.assisantsProject.asistantProject.entidades.Usuario(263252883038099)#978ff316-76ae-4793-8da3-4c1b3b38c2cd
2025-05-19T17:29:22.437-05:00 DEBUG 16040 --- [app_assisants] [           main] org.hibernate.orm.results.loading        : Calling top-level assembler (0 / 1) : org.hibernate.sql.results.graph.entity.internal.EntityAssembler@6a8d638
2025-05-19T17:29:22.441-05:00 DEBUG 16040 --- [app_assisants] [           main] org.hibernate.orm.sql.ast.create         : Created new SQL alias : u1_0
2025-05-19T17:29:22.441-05:00 DEBUG 16040 --- [app_assisants] [           main] org.hibernate.orm.sql.ast.create         : Registration of TableGroup [StandardTableGroup(com.assisantsProject.asistantProject.entidades.Usuario(263252883038099))] with identifierForTableGroup [com.assisantsProject.asistantProject.entidades.Usuario] for NavigablePath [com.assisantsProject.asistantProject.entidades.Usuario] 
2025-05-19T17:29:22.442-05:00 DEBUG 16040 --- [app_assisants] [           main] org.hibernate.orm.sql.ast.create         : Registration of TableGroup [org.hibernate.sql.ast.tree.from.LazyTableGroup@42a940dc] with identifierForTableGroup [com.assisantsProject.asistantProject.entidades.Usuario.rol] for NavigablePath [com.assisantsProject.asistantProject.entidades.Usuario.rol] 
2025-05-19T17:29:22.442-05:00 DEBUG 16040 --- [app_assisants] [           main] o.h.q.sqm.sql.BaseSqmToSqlAstConverter   : Determining mapping-model type for SqmParameter : org.hibernate.query.sqm.tree.expression.SqmJpaCriteriaParameterWrapper@47b4fcd5
2025-05-19T17:29:22.442-05:00 DEBUG 16040 --- [app_assisants] [           main] o.h.q.sqm.sql.BaseSqmToSqlAstConverter   : Determining mapping-model type for SqmPath : SqmBasicValuedSimplePath(com.assisantsProject.asistantProject.entidades.Usuario(263252883038099).usuario) 
2025-05-19T17:29:22.442-05:00 DEBUG 16040 --- [app_assisants] [           main] org.hibernate.orm.results.graph.AST      : DomainResult Graph:
 \-EntityResultImpl [com.assisantsProject.asistantProject.entidades.Usuario(263252883038099)]
 |  +-DelayedCollectionFetch [com.assisantsProject.asistantProject.entidades.Usuario(263252883038099).candidatos]
 |  +-BasicFetch [com.assisantsProject.asistantProject.entidades.Usuario(263252883038099).correo]
 |  +-BasicFetch [com.assisantsProject.asistantProject.entidades.Usuario(263252883038099).password]
 |  +-EntityFetchSelectImpl [com.assisantsProject.asistantProject.entidades.Usuario(263252883038099).rol]
 |  \-BasicFetch [com.assisantsProject.asistantProject.entidades.Usuario(263252883038099).usuario]

2025-05-19T17:29:22.442-05:00 DEBUG 16040 --- [app_assisants] [           main] org.hibernate.orm.sql.ast.tree           : SQL AST Tree:
    SelectStatement {
      FromClause {
        StandardTableGroup (u1 : com.assisantsProject.asistantProject.entidades.Usuario(263252883038099)) {
          primaryTableReference : usuario as u1_0
          TableGroupJoins {
            left  join LazyTableGroup (r1 : com.assisantsProject.asistantProject.entidades.Usuario(263252883038099).rol) {
            }
          }
        }
      }
    }

2025-05-19T17:29:22.442-05:00 DEBUG 16040 --- [app_assisants] [           main] org.hibernate.orm.sql.exec               : Skipping reading Query result cache data: cache-enabled = false, cache-mode = NORMAL
2025-05-19T17:29:22.442-05:00 DEBUG 16040 --- [app_assisants] [           main] org.hibernate.orm.results                : Initializer list:
	  com.assisantsProject.asistantProject.entidades.Usuario(263252883038099).rol -> EntitySelectFetchInitializer(com.assisantsProject.asistantProject.entidades.Usuario(263252883038099).rol)@648801844 (ToOneAttributeMapping(NavigableRole[com.assisantsProject.asistantProject.entidades.Usuario.rol])@2042213928)
	  com.assisantsProject.asistantProject.entidades.Usuario(263252883038099).candidatos -> DelayedCollectionInitializer(com.assisantsProject.asistantProject.entidades.Usuario(263252883038099).candidatos)@1957308871 (PluralAttribute(com.assisantsProject.asistantProject.entidades.Usuario.candidatos))
	  com.assisantsProject.asistantProject.entidades.Usuario(263252883038099) -> EntityResultInitializer(com.assisantsProject.asistantProject.entidades.Usuario(263252883038099))@2089629742 (SingleTableEntityPersister(com.assisantsProject.asistantProject.entidades.Usuario))

2025-05-19T17:29:22.442-05:00 DEBUG 16040 --- [app_assisants] [           main] org.hibernate.SQL                        : select u1_0.id,u1_0.correo,u1_0.password,u1_0.rol,u1_0.usuario from usuario u1_0 where u1_0.usuario=?
2025-05-19T17:29:22.444-05:00 DEBUG 16040 --- [app_assisants] [           main] org.hibernate.orm.results                : Extracted JDBC value [0] - [62dc8934-f154-4c7b-9ae2-f78341e14a77]
2025-05-19T17:29:22.444-05:00 DEBUG 16040 --- [app_assisants] [           main] o.hibernate.orm.results.loading.entity   : (EntityResultInitializer) Hydrated EntityKey (com.assisantsProject.asistantProject.entidades.Usuario(263252883038099)): 62dc8934-f154-4c7b-9ae2-f78341e14a77
2025-05-19T17:29:22.444-05:00 DEBUG 16040 --- [app_assisants] [           main] o.h.o.r.l.o.h.o.r.loading.collection     : (DelayedCollectionInitializer) Current row collection key : com.assisantsProject.asistantProject.entidades.Usuario(263252883038099).candidatos#62dc8934-f154-4c7b-9ae2-f78341e14a77
2025-05-19T17:29:22.444-05:00 DEBUG 16040 --- [app_assisants] [           main] o.hibernate.orm.results.loading.entity   : (EntityResultInitializer) Created new entity instance [com.assisantsProject.asistantProject.entidades.Usuario(263252883038099)#62dc8934-f154-4c7b-9ae2-f78341e14a77] : 695993105
2025-05-19T17:29:22.444-05:00 DEBUG 16040 --- [app_assisants] [           main] org.hibernate.orm.results                : Extracted JDBC value [3] - [null]
2025-05-19T17:29:22.444-05:00 DEBUG 16040 --- [app_assisants] [           main] org.hibernate.orm.results                : Extracted JDBC value [1] - [gloria.gonzales@iqor.com]
2025-05-19T17:29:22.444-05:00 DEBUG 16040 --- [app_assisants] [           main] org.hibernate.orm.results                : Extracted JDBC value [2] - [$2a$10$NKpdOQ8EeBRa91UI0cSzhuPYzMeJaXgr7uuyJ4m8.P7oJQ6cOrMl6]
2025-05-19T17:29:22.444-05:00 DEBUG 16040 --- [app_assisants] [           main] org.hibernate.orm.results                : Extracted JDBC value [4] - [gloria.gonzales]
2025-05-19T17:29:22.444-05:00 DEBUG 16040 --- [app_assisants] [           main] o.hibernate.orm.results.loading.entity   : (EntityResultInitializer) Done materializing entityInstance : com.assisantsProject.asistantProject.entidades.Usuario(263252883038099)#62dc8934-f154-4c7b-9ae2-f78341e14a77
2025-05-19T17:29:22.444-05:00 DEBUG 16040 --- [app_assisants] [           main] org.hibernate.orm.results.loading        : Calling top-level assembler (0 / 1) : org.hibernate.sql.results.graph.entity.internal.EntityAssembler@3ad142f0
2025-05-19T17:29:22.445-05:00 DEBUG 16040 --- [app_assisants] [           main] org.hibernate.orm.sql.ast.create         : Created new SQL alias : r1_0
2025-05-19T17:29:22.445-05:00 DEBUG 16040 --- [app_assisants] [           main] org.hibernate.orm.sql.ast.create         : Registration of TableGroup [StandardTableGroup(com.assisantsProject.asistantProject.entidades.Rol(263252958805700))] with identifierForTableGroup [com.assisantsProject.asistantProject.entidades.Rol] for NavigablePath [com.assisantsProject.asistantProject.entidades.Rol] 
2025-05-19T17:29:22.446-05:00 DEBUG 16040 --- [app_assisants] [           main] o.h.q.sqm.sql.BaseSqmToSqlAstConverter   : Determining mapping-model type for SqmParameter : org.hibernate.query.sqm.tree.expression.SqmJpaCriteriaParameterWrapper@12b0440b
2025-05-19T17:29:22.446-05:00 DEBUG 16040 --- [app_assisants] [           main] o.h.q.sqm.sql.BaseSqmToSqlAstConverter   : Determining mapping-model type for SqmPath : SqmBasicValuedSimplePath(com.assisantsProject.asistantProject.entidades.Rol(263252958805700).nombre) 
2025-05-19T17:29:22.446-05:00 DEBUG 16040 --- [app_assisants] [           main] org.hibernate.orm.results.graph.AST      : DomainResult Graph:
 \-EntityResultImpl [com.assisantsProject.asistantProject.entidades.Rol(263252958805700)]
 |  +-BasicFetch [com.assisantsProject.asistantProject.entidades.Rol(263252958805700).descripcion]
 |  \-BasicFetch [com.assisantsProject.asistantProject.entidades.Rol(263252958805700).nombre]

2025-05-19T17:29:22.446-05:00 DEBUG 16040 --- [app_assisants] [           main] org.hibernate.orm.sql.ast.tree           : SQL AST Tree:
    SelectStatement {
      FromClause {
        StandardTableGroup (r1 : com.assisantsProject.asistantProject.entidades.Rol(263252958805700)) {
          primaryTableReference : rol as r1_0
        }
      }
    }

2025-05-19T17:29:22.447-05:00 DEBUG 16040 --- [app_assisants] [           main] org.hibernate.orm.sql.exec               : Skipping reading Query result cache data: cache-enabled = false, cache-mode = NORMAL
2025-05-19T17:29:22.447-05:00 DEBUG 16040 --- [app_assisants] [           main] org.hibernate.orm.results                : Initializer list:
	  com.assisantsProject.asistantProject.entidades.Rol(263252958805700) -> EntityResultInitializer(com.assisantsProject.asistantProject.entidades.Rol(263252958805700))@1964947881 (SingleTableEntityPersister(com.assisantsProject.asistantProject.entidades.Rol))

2025-05-19T17:29:22.447-05:00 DEBUG 16040 --- [app_assisants] [           main] org.hibernate.SQL                        : select r1_0.id,r1_0.descripcion,r1_0.nombre from rol r1_0 where r1_0.nombre=? limit ?
2025-05-19T17:29:22.448-05:00 DEBUG 16040 --- [app_assisants] [           main] org.hibernate.orm.results                : Extracted JDBC value [0] - [e0d339bb-c3be-4b60-967e-f2d3989ad9fd]
2025-05-19T17:29:22.448-05:00 DEBUG 16040 --- [app_assisants] [           main] o.hibernate.orm.results.loading.entity   : (EntityResultInitializer) Hydrated EntityKey (com.assisantsProject.asistantProject.entidades.Rol(263252958805700)): e0d339bb-c3be-4b60-967e-f2d3989ad9fd
2025-05-19T17:29:22.449-05:00 DEBUG 16040 --- [app_assisants] [           main] o.hibernate.orm.results.loading.entity   : (EntityResultInitializer) Created new entity instance [com.assisantsProject.asistantProject.entidades.Rol(263252958805700)#e0d339bb-c3be-4b60-967e-f2d3989ad9fd] : 404294128
2025-05-19T17:29:22.449-05:00 DEBUG 16040 --- [app_assisants] [           main] org.hibernate.orm.results                : Extracted JDBC value [1] - [Supervisor]
2025-05-19T17:29:22.449-05:00 DEBUG 16040 --- [app_assisants] [           main] org.hibernate.orm.results                : Extracted JDBC value [2] - [usuario]
2025-05-19T17:29:22.449-05:00 DEBUG 16040 --- [app_assisants] [           main] o.hibernate.orm.results.loading.entity   : (EntityResultInitializer) Done materializing entityInstance : com.assisantsProject.asistantProject.entidades.Rol(263252958805700)#e0d339bb-c3be-4b60-967e-f2d3989ad9fd
2025-05-19T17:29:22.449-05:00 DEBUG 16040 --- [app_assisants] [           main] org.hibernate.orm.results.loading        : Calling top-level assembler (0 / 1) : org.hibernate.sql.results.graph.entity.internal.EntityAssembler@1f9af742
2025-05-19T17:29:22.449-05:00 DEBUG 16040 --- [app_assisants] [           main] org.hibernate.orm.sql.ast.create         : Created new SQL alias : r1_0
2025-05-19T17:29:22.450-05:00 DEBUG 16040 --- [app_assisants] [           main] org.hibernate.orm.sql.ast.create         : Registration of TableGroup [StandardTableGroup(com.assisantsProject.asistantProject.entidades.Rol(263252958805700))] with identifierForTableGroup [com.assisantsProject.asistantProject.entidades.Rol] for NavigablePath [com.assisantsProject.asistantProject.entidades.Rol] 
2025-05-19T17:29:22.450-05:00 DEBUG 16040 --- [app_assisants] [           main] o.h.q.sqm.sql.BaseSqmToSqlAstConverter   : Determining mapping-model type for SqmParameter : org.hibernate.query.sqm.tree.expression.SqmJpaCriteriaParameterWrapper@6e1d63ec
2025-05-19T17:29:22.450-05:00 DEBUG 16040 --- [app_assisants] [           main] o.h.q.sqm.sql.BaseSqmToSqlAstConverter   : Determining mapping-model type for SqmPath : SqmBasicValuedSimplePath(com.assisantsProject.asistantProject.entidades.Rol(263252958805700).nombre) 
2025-05-19T17:29:22.450-05:00 DEBUG 16040 --- [app_assisants] [           main] org.hibernate.orm.results.graph.AST      : DomainResult Graph:
 \-EntityResultImpl [com.assisantsProject.asistantProject.entidades.Rol(263252958805700)]
 |  +-BasicFetch [com.assisantsProject.asistantProject.entidades.Rol(263252958805700).descripcion]
 |  \-BasicFetch [com.assisantsProject.asistantProject.entidades.Rol(263252958805700).nombre]

2025-05-19T17:29:22.450-05:00 DEBUG 16040 --- [app_assisants] [           main] org.hibernate.orm.sql.ast.tree           : SQL AST Tree:
    SelectStatement {
      FromClause {
        StandardTableGroup (r1 : com.assisantsProject.asistantProject.entidades.Rol(263252958805700)) {
          primaryTableReference : rol as r1_0
        }
      }
    }

2025-05-19T17:29:22.450-05:00 DEBUG 16040 --- [app_assisants] [           main] org.hibernate.orm.sql.exec               : Skipping reading Query result cache data: cache-enabled = false, cache-mode = NORMAL
2025-05-19T17:29:22.450-05:00 DEBUG 16040 --- [app_assisants] [           main] org.hibernate.orm.results                : Initializer list:
	  com.assisantsProject.asistantProject.entidades.Rol(263252958805700) -> EntityResultInitializer(com.assisantsProject.asistantProject.entidades.Rol(263252958805700))@1865028551 (SingleTableEntityPersister(com.assisantsProject.asistantProject.entidades.Rol))

2025-05-19T17:29:22.450-05:00 DEBUG 16040 --- [app_assisants] [           main] org.hibernate.SQL                        : select r1_0.id,r1_0.descripcion,r1_0.nombre from rol r1_0 where r1_0.nombre=? limit ?
2025-05-19T17:29:22.451-05:00 DEBUG 16040 --- [app_assisants] [           main] org.hibernate.orm.results                : Extracted JDBC value [0] - [4918355a-c10e-4c16-88c1-b651920911bd]
2025-05-19T17:29:22.451-05:00 DEBUG 16040 --- [app_assisants] [           main] o.hibernate.orm.results.loading.entity   : (EntityResultInitializer) Hydrated EntityKey (com.assisantsProject.asistantProject.entidades.Rol(263252958805700)): 4918355a-c10e-4c16-88c1-b651920911bd
2025-05-19T17:29:22.451-05:00 DEBUG 16040 --- [app_assisants] [           main] o.hibernate.orm.results.loading.entity   : (EntityResultInitializer) Created new entity instance [com.assisantsProject.asistantProject.entidades.Rol(263252958805700)#4918355a-c10e-4c16-88c1-b651920911bd] : 1662761228
2025-05-19T17:29:22.451-05:00 DEBUG 16040 --- [app_assisants] [           main] org.hibernate.orm.results                : Extracted JDBC value [1] - [Administrador]
2025-05-19T17:29:22.451-05:00 DEBUG 16040 --- [app_assisants] [           main] org.hibernate.orm.results                : Extracted JDBC value [2] - [admin]
2025-05-19T17:29:22.451-05:00 DEBUG 16040 --- [app_assisants] [           main] o.hibernate.orm.results.loading.entity   : (EntityResultInitializer) Done materializing entityInstance : com.assisantsProject.asistantProject.entidades.Rol(263252958805700)#4918355a-c10e-4c16-88c1-b651920911bd
2025-05-19T17:29:22.451-05:00 DEBUG 16040 --- [app_assisants] [           main] org.hibernate.orm.results.loading        : Calling top-level assembler (0 / 1) : org.hibernate.sql.results.graph.entity.internal.EntityAssembler@5c902a83
Usuario ya existe
Usuario admin ya existe
2025-05-19T17:29:22.452-05:00 DEBUG 16040 --- [app_assisants] [           main] o.s.boot.devtools.restart.Restarter      : Creating new Restarter for thread Thread[main,5,main]
2025-05-19T17:29:22.452-05:00 DEBUG 16040 --- [app_assisants] [           main] o.s.b.a.ApplicationAvailabilityBean      : Application availability state ReadinessState changed to ACCEPTING_TRAFFIC
]]></system-out>
  </testcase>
</testsuite>